ERROR - 2024-03-13 03:14:28 --> Error connecting to the database: mysqli_sql_exception: Unknown database 'enterprise_me' in /opt/lampp/htdocs/ena-me-project/EnterpriseAutomation/vendor/codeigniter4/framework/system/Database/MySQLi/Connection.php:184
Stack trace:
#0 /opt/lampp/htdocs/ena-me-project/EnterpriseAutomation/vendor/codeigniter4/framework/system/Database/MySQLi/Connection.php(184): mysqli->real_connect('localhost', 'root', Object(SensitiveParameterValue), 'enterprise_me', 3306, '', 0)
#1 /opt/lampp/htdocs/ena-me-project/EnterpriseAutomation/vendor/codeigniter4/framework/system/Database/BaseConnection.php(392): CodeIgniter\Database\MySQLi\Connection->connect(false)
#2 /opt/lampp/htdocs/ena-me-project/EnterpriseAutomation/vendor/codeigniter4/framework/system/Database/BaseConnection.php(575): CodeIgniter\Database\BaseConnection->initialize()
#3 /opt/lampp/htdocs/ena-me-project/EnterpriseAutomation/vendor/codeigniter4/framework/system/Database/BaseBuilder.php(1700): CodeIgniter\Database\BaseConnection->query('SELECT COUNT(*)...', Array, false)
#4 /opt/lampp/htdocs/ena-me-project/EnterpriseAutomation/vendor/codeigniter4/framework/system/Model.php(624): CodeIgniter\Database\BaseBuilder->countAllResults(false)
#5 /opt/lampp/htdocs/ena-me-project/EnterpriseAutomation/vendor/codeigniter4/framework/system/BaseModel.php(1239): CodeIgniter\Model->countAllResults(false)
#6 /opt/lampp/htdocs/ena-me-project/EnterpriseAutomation/app/Controllers/Spk.php(25): CodeIgniter\BaseModel->paginate(5)
#7 /opt/lampp/htdocs/ena-me-project/EnterpriseAutomation/vendor/codeigniter4/framework/system/CodeIgniter.php(941): App\Controllers\Spk->index()
#8 /opt/lampp/htdocs/ena-me-project/EnterpriseAutomation/vendor/codeigniter4/framework/system/CodeIgniter.php(502): CodeIgniter\CodeIgniter->runController(Object(App\Controllers\Spk))
#9 /opt/lampp/htdocs/ena-me-project/EnterpriseAutomation/vendor/codeigniter4/framework/system/CodeIgniter.php(361): CodeIgniter\CodeIgniter->handleRequest(NULL, Object(Config\Cache), false)
#10 /opt/lampp/htdocs/ena-me-project/EnterpriseAutomation/public/index.php(79): CodeIgniter\CodeIgniter->run()
#11 /opt/lampp/htdocs/ena-me-project/EnterpriseAutomation/vendor/codeigniter4/framework/system/Commands/Server/rewrite.php(47): require_once('/opt/lampp/htdo...')
#12 {main}

Next CodeIgniter\Database\Exceptions\DatabaseException: Unknown database 'enterprise_me' in /opt/lampp/htdocs/ena-me-project/EnterpriseAutomation/vendor/codeigniter4/framework/system/Database/MySQLi/Connection.php:229
Stack trace:
#0 /opt/lampp/htdocs/ena-me-project/EnterpriseAutomation/vendor/codeigniter4/framework/system/Database/BaseConnection.php(392): CodeIgniter\Database\MySQLi\Connection->connect(false)
#1 /opt/lampp/htdocs/ena-me-project/EnterpriseAutomation/vendor/codeigniter4/framework/system/Database/BaseConnection.php(575): CodeIgniter\Database\BaseConnection->initialize()
#2 /opt/lampp/htdocs/ena-me-project/EnterpriseAutomation/vendor/codeigniter4/framework/system/Database/BaseBuilder.php(1700): CodeIgniter\Database\BaseConnection->query('SELECT COUNT(*)...', Array, false)
#3 /opt/lampp/htdocs/ena-me-project/EnterpriseAutomation/vendor/codeigniter4/framework/system/Model.php(624): CodeIgniter\Database\BaseBuilder->countAllResults(false)
#4 /opt/lampp/htdocs/ena-me-project/EnterpriseAutomation/vendor/codeigniter4/framework/system/BaseModel.php(1239): CodeIgniter\Model->countAllResults(false)
#5 /opt/lampp/htdocs/ena-me-project/EnterpriseAutomation/app/Controllers/Spk.php(25): CodeIgniter\BaseModel->paginate(5)
#6 /opt/lampp/htdocs/ena-me-project/EnterpriseAutomation/vendor/codeigniter4/framework/system/CodeIgniter.php(941): App\Controllers\Spk->index()
#7 /opt/lampp/htdocs/ena-me-project/EnterpriseAutomation/vendor/codeigniter4/framework/system/CodeIgniter.php(502): CodeIgniter\CodeIgniter->runController(Object(App\Controllers\Spk))
#8 /opt/lampp/htdocs/ena-me-project/EnterpriseAutomation/vendor/codeigniter4/framework/system/CodeIgniter.php(361): CodeIgniter\CodeIgniter->handleRequest(NULL, Object(Config\Cache), false)
#9 /opt/lampp/htdocs/ena-me-project/EnterpriseAutomation/public/index.php(79): CodeIgniter\CodeIgniter->run()
#10 /opt/lampp/htdocs/ena-me-project/EnterpriseAutomation/vendor/codeigniter4/framework/system/Commands/Server/rewrite.php(47): require_once('/opt/lampp/htdo...')
#11 {main}
CRITICAL - 2024-03-13 03:14:28 --> CodeIgniter\Database\Exceptions\DatabaseException: Unable to connect to the database.
Main connection [MySQLi]: Unknown database 'enterprise_me'
in SYSTEMPATH/Database/BaseConnection.php on line 428.
 1 SYSTEMPATH/Database/BaseConnection.php(575): CodeIgniter\Database\BaseConnection->initialize()
 2 SYSTEMPATH/Database/BaseBuilder.php(1700): CodeIgniter\Database\BaseConnection->query('SELECT COUNT(*) AS `numrows`
FROM `spk`', [], false)
 3 SYSTEMPATH/Model.php(624): CodeIgniter\Database\BaseBuilder->countAllResults(false)
 4 SYSTEMPATH/BaseModel.php(1239): CodeIgniter\Model->countAllResults(false)
 5 APPPATH/Controllers/Spk.php(25): CodeIgniter\BaseModel->paginate(5)
 6 SYSTEMPATH/CodeIgniter.php(941): App\Controllers\Spk->index()
 7 SYSTEMPATH/CodeIgniter.php(502): CodeIgniter\CodeIgniter->runController(Object(App\Controllers\Spk))
 8 SYSTEMPATH/CodeIgniter.php(361): CodeIgniter\CodeIgniter->handleRequest(null, Object(Config\Cache), false)
 9 FCPATH/index.php(79): CodeIgniter\CodeIgniter->run()
10 SYSTEMPATH/Commands/Server/rewrite.php(47): require_once('/opt/lampp/htdocs/ena-me-project/EnterpriseAutomation/public/index.php')
ERROR - 2024-03-13 03:21:18 --> Error connecting to the database: mysqli_sql_exception: Unknown database 'enterprise_me' in /opt/lampp/htdocs/ena-me-project/EnterpriseAutomation/vendor/codeigniter4/framework/system/Database/MySQLi/Connection.php:184
Stack trace:
#0 /opt/lampp/htdocs/ena-me-project/EnterpriseAutomation/vendor/codeigniter4/framework/system/Database/MySQLi/Connection.php(184): mysqli->real_connect('localhost', 'root', Object(SensitiveParameterValue), 'enterprise_me', 3306, '', 0)
#1 /opt/lampp/htdocs/ena-me-project/EnterpriseAutomation/vendor/codeigniter4/framework/system/Database/BaseConnection.php(392): CodeIgniter\Database\MySQLi\Connection->connect(false)
#2 /opt/lampp/htdocs/ena-me-project/EnterpriseAutomation/vendor/codeigniter4/framework/system/Database/BaseConnection.php(575): CodeIgniter\Database\BaseConnection->initialize()
#3 /opt/lampp/htdocs/ena-me-project/EnterpriseAutomation/vendor/codeigniter4/framework/system/Database/BaseBuilder.php(1700): CodeIgniter\Database\BaseConnection->query('SELECT COUNT(*)...', Array, false)
#4 /opt/lampp/htdocs/ena-me-project/EnterpriseAutomation/vendor/codeigniter4/framework/system/Model.php(624): CodeIgniter\Database\BaseBuilder->countAllResults(false)
#5 /opt/lampp/htdocs/ena-me-project/EnterpriseAutomation/vendor/codeigniter4/framework/system/BaseModel.php(1239): CodeIgniter\Model->countAllResults(false)
#6 /opt/lampp/htdocs/ena-me-project/EnterpriseAutomation/app/Controllers/Spk.php(25): CodeIgniter\BaseModel->paginate(5)
#7 /opt/lampp/htdocs/ena-me-project/EnterpriseAutomation/vendor/codeigniter4/framework/system/CodeIgniter.php(941): App\Controllers\Spk->index()
#8 /opt/lampp/htdocs/ena-me-project/EnterpriseAutomation/vendor/codeigniter4/framework/system/CodeIgniter.php(502): CodeIgniter\CodeIgniter->runController(Object(App\Controllers\Spk))
#9 /opt/lampp/htdocs/ena-me-project/EnterpriseAutomation/vendor/codeigniter4/framework/system/CodeIgniter.php(361): CodeIgniter\CodeIgniter->handleRequest(NULL, Object(Config\Cache), false)
#10 /opt/lampp/htdocs/ena-me-project/EnterpriseAutomation/public/index.php(79): CodeIgniter\CodeIgniter->run()
#11 /opt/lampp/htdocs/ena-me-project/EnterpriseAutomation/vendor/codeigniter4/framework/system/Commands/Server/rewrite.php(47): require_once('/opt/lampp/htdo...')
#12 {main}

Next CodeIgniter\Database\Exceptions\DatabaseException: Unknown database 'enterprise_me' in /opt/lampp/htdocs/ena-me-project/EnterpriseAutomation/vendor/codeigniter4/framework/system/Database/MySQLi/Connection.php:229
Stack trace:
#0 /opt/lampp/htdocs/ena-me-project/EnterpriseAutomation/vendor/codeigniter4/framework/system/Database/BaseConnection.php(392): CodeIgniter\Database\MySQLi\Connection->connect(false)
#1 /opt/lampp/htdocs/ena-me-project/EnterpriseAutomation/vendor/codeigniter4/framework/system/Database/BaseConnection.php(575): CodeIgniter\Database\BaseConnection->initialize()
#2 /opt/lampp/htdocs/ena-me-project/EnterpriseAutomation/vendor/codeigniter4/framework/system/Database/BaseBuilder.php(1700): CodeIgniter\Database\BaseConnection->query('SELECT COUNT(*)...', Array, false)
#3 /opt/lampp/htdocs/ena-me-project/EnterpriseAutomation/vendor/codeigniter4/framework/system/Model.php(624): CodeIgniter\Database\BaseBuilder->countAllResults(false)
#4 /opt/lampp/htdocs/ena-me-project/EnterpriseAutomation/vendor/codeigniter4/framework/system/BaseModel.php(1239): CodeIgniter\Model->countAllResults(false)
#5 /opt/lampp/htdocs/ena-me-project/EnterpriseAutomation/app/Controllers/Spk.php(25): CodeIgniter\BaseModel->paginate(5)
#6 /opt/lampp/htdocs/ena-me-project/EnterpriseAutomation/vendor/codeigniter4/framework/system/CodeIgniter.php(941): App\Controllers\Spk->index()
#7 /opt/lampp/htdocs/ena-me-project/EnterpriseAutomation/vendor/codeigniter4/framework/system/CodeIgniter.php(502): CodeIgniter\CodeIgniter->runController(Object(App\Controllers\Spk))
#8 /opt/lampp/htdocs/ena-me-project/EnterpriseAutomation/vendor/codeigniter4/framework/system/CodeIgniter.php(361): CodeIgniter\CodeIgniter->handleRequest(NULL, Object(Config\Cache), false)
#9 /opt/lampp/htdocs/ena-me-project/EnterpriseAutomation/public/index.php(79): CodeIgniter\CodeIgniter->run()
#10 /opt/lampp/htdocs/ena-me-project/EnterpriseAutomation/vendor/codeigniter4/framework/system/Commands/Server/rewrite.php(47): require_once('/opt/lampp/htdo...')
#11 {main}
CRITICAL - 2024-03-13 03:21:18 --> CodeIgniter\Database\Exceptions\DatabaseException: Unable to connect to the database.
Main connection [MySQLi]: Unknown database 'enterprise_me'
in SYSTEMPATH/Database/BaseConnection.php on line 428.
 1 SYSTEMPATH/Database/BaseConnection.php(575): CodeIgniter\Database\BaseConnection->initialize()
 2 SYSTEMPATH/Database/BaseBuilder.php(1700): CodeIgniter\Database\BaseConnection->query('SELECT COUNT(*) AS `numrows`
FROM `spk`', [], false)
 3 SYSTEMPATH/Model.php(624): CodeIgniter\Database\BaseBuilder->countAllResults(false)
 4 SYSTEMPATH/BaseModel.php(1239): CodeIgniter\Model->countAllResults(false)
 5 APPPATH/Controllers/Spk.php(25): CodeIgniter\BaseModel->paginate(5)
 6 SYSTEMPATH/CodeIgniter.php(941): App\Controllers\Spk->index()
 7 SYSTEMPATH/CodeIgniter.php(502): CodeIgniter\CodeIgniter->runController(Object(App\Controllers\Spk))
 8 SYSTEMPATH/CodeIgniter.php(361): CodeIgniter\CodeIgniter->handleRequest(null, Object(Config\Cache), false)
 9 FCPATH/index.php(79): CodeIgniter\CodeIgniter->run()
10 SYSTEMPATH/Commands/Server/rewrite.php(47): require_once('/opt/lampp/htdocs/ena-me-project/EnterpriseAutomation/public/index.php')
ERROR - 2024-03-13 03:21:28 --> Error connecting to the database: mysqli_sql_exception: Unknown database 'enterprise_me' in /opt/lampp/htdocs/ena-me-project/EnterpriseAutomation/vendor/codeigniter4/framework/system/Database/MySQLi/Connection.php:184
Stack trace:
#0 /opt/lampp/htdocs/ena-me-project/EnterpriseAutomation/vendor/codeigniter4/framework/system/Database/MySQLi/Connection.php(184): mysqli->real_connect('localhost', 'root', Object(SensitiveParameterValue), 'enterprise_me', 3306, '', 0)
#1 /opt/lampp/htdocs/ena-me-project/EnterpriseAutomation/vendor/codeigniter4/framework/system/Database/BaseConnection.php(392): CodeIgniter\Database\MySQLi\Connection->connect(false)
#2 /opt/lampp/htdocs/ena-me-project/EnterpriseAutomation/vendor/codeigniter4/framework/system/Database/BaseConnection.php(575): CodeIgniter\Database\BaseConnection->initialize()
#3 /opt/lampp/htdocs/ena-me-project/EnterpriseAutomation/vendor/codeigniter4/framework/system/Database/BaseBuilder.php(1700): CodeIgniter\Database\BaseConnection->query('SELECT COUNT(*)...', Array, false)
#4 /opt/lampp/htdocs/ena-me-project/EnterpriseAutomation/vendor/codeigniter4/framework/system/Model.php(624): CodeIgniter\Database\BaseBuilder->countAllResults(false)
#5 /opt/lampp/htdocs/ena-me-project/EnterpriseAutomation/vendor/codeigniter4/framework/system/BaseModel.php(1239): CodeIgniter\Model->countAllResults(false)
#6 /opt/lampp/htdocs/ena-me-project/EnterpriseAutomation/app/Controllers/Spk.php(25): CodeIgniter\BaseModel->paginate(5)
#7 /opt/lampp/htdocs/ena-me-project/EnterpriseAutomation/vendor/codeigniter4/framework/system/CodeIgniter.php(941): App\Controllers\Spk->index()
#8 /opt/lampp/htdocs/ena-me-project/EnterpriseAutomation/vendor/codeigniter4/framework/system/CodeIgniter.php(502): CodeIgniter\CodeIgniter->runController(Object(App\Controllers\Spk))
#9 /opt/lampp/htdocs/ena-me-project/EnterpriseAutomation/vendor/codeigniter4/framework/system/CodeIgniter.php(361): CodeIgniter\CodeIgniter->handleRequest(NULL, Object(Config\Cache), false)
#10 /opt/lampp/htdocs/ena-me-project/EnterpriseAutomation/public/index.php(79): CodeIgniter\CodeIgniter->run()
#11 /opt/lampp/htdocs/ena-me-project/EnterpriseAutomation/vendor/codeigniter4/framework/system/Commands/Server/rewrite.php(47): require_once('/opt/lampp/htdo...')
#12 {main}

Next CodeIgniter\Database\Exceptions\DatabaseException: Unknown database 'enterprise_me' in /opt/lampp/htdocs/ena-me-project/EnterpriseAutomation/vendor/codeigniter4/framework/system/Database/MySQLi/Connection.php:229
Stack trace:
#0 /opt/lampp/htdocs/ena-me-project/EnterpriseAutomation/vendor/codeigniter4/framework/system/Database/BaseConnection.php(392): CodeIgniter\Database\MySQLi\Connection->connect(false)
#1 /opt/lampp/htdocs/ena-me-project/EnterpriseAutomation/vendor/codeigniter4/framework/system/Database/BaseConnection.php(575): CodeIgniter\Database\BaseConnection->initialize()
#2 /opt/lampp/htdocs/ena-me-project/EnterpriseAutomation/vendor/codeigniter4/framework/system/Database/BaseBuilder.php(1700): CodeIgniter\Database\BaseConnection->query('SELECT COUNT(*)...', Array, false)
#3 /opt/lampp/htdocs/ena-me-project/EnterpriseAutomation/vendor/codeigniter4/framework/system/Model.php(624): CodeIgniter\Database\BaseBuilder->countAllResults(false)
#4 /opt/lampp/htdocs/ena-me-project/EnterpriseAutomation/vendor/codeigniter4/framework/system/BaseModel.php(1239): CodeIgniter\Model->countAllResults(false)
#5 /opt/lampp/htdocs/ena-me-project/EnterpriseAutomation/app/Controllers/Spk.php(25): CodeIgniter\BaseModel->paginate(5)
#6 /opt/lampp/htdocs/ena-me-project/EnterpriseAutomation/vendor/codeigniter4/framework/system/CodeIgniter.php(941): App\Controllers\Spk->index()
#7 /opt/lampp/htdocs/ena-me-project/EnterpriseAutomation/vendor/codeigniter4/framework/system/CodeIgniter.php(502): CodeIgniter\CodeIgniter->runController(Object(App\Controllers\Spk))
#8 /opt/lampp/htdocs/ena-me-project/EnterpriseAutomation/vendor/codeigniter4/framework/system/CodeIgniter.php(361): CodeIgniter\CodeIgniter->handleRequest(NULL, Object(Config\Cache), false)
#9 /opt/lampp/htdocs/ena-me-project/EnterpriseAutomation/public/index.php(79): CodeIgniter\CodeIgniter->run()
#10 /opt/lampp/htdocs/ena-me-project/EnterpriseAutomation/vendor/codeigniter4/framework/system/Commands/Server/rewrite.php(47): require_once('/opt/lampp/htdo...')
#11 {main}
CRITICAL - 2024-03-13 03:21:28 --> CodeIgniter\Database\Exceptions\DatabaseException: Unable to connect to the database.
Main connection [MySQLi]: Unknown database 'enterprise_me'
in SYSTEMPATH/Database/BaseConnection.php on line 428.
 1 SYSTEMPATH/Database/BaseConnection.php(575): CodeIgniter\Database\BaseConnection->initialize()
 2 SYSTEMPATH/Database/BaseBuilder.php(1700): CodeIgniter\Database\BaseConnection->query('SELECT COUNT(*) AS `numrows`
FROM `spk`', [], false)
 3 SYSTEMPATH/Model.php(624): CodeIgniter\Database\BaseBuilder->countAllResults(false)
 4 SYSTEMPATH/BaseModel.php(1239): CodeIgniter\Model->countAllResults(false)
 5 APPPATH/Controllers/Spk.php(25): CodeIgniter\BaseModel->paginate(5)
 6 SYSTEMPATH/CodeIgniter.php(941): App\Controllers\Spk->index()
 7 SYSTEMPATH/CodeIgniter.php(502): CodeIgniter\CodeIgniter->runController(Object(App\Controllers\Spk))
 8 SYSTEMPATH/CodeIgniter.php(361): CodeIgniter\CodeIgniter->handleRequest(null, Object(Config\Cache), false)
 9 FCPATH/index.php(79): CodeIgniter\CodeIgniter->run()
10 SYSTEMPATH/Commands/Server/rewrite.php(47): require_once('/opt/lampp/htdocs/ena-me-project/EnterpriseAutomation/public/index.php')
INFO - 2024-03-13 03:39:30 --> Session: Class initialized using 'CodeIgniter\Session\Handlers\FileHandler' driver.
INFO - 2024-03-13 03:39:56 --> Session: Class initialized using 'CodeIgniter\Session\Handlers\FileHandler' driver.
INFO - 2024-03-13 03:48:33 --> Session: Class initialized using 'CodeIgniter\Session\Handlers\FileHandler' driver.
INFO - 2024-03-13 03:49:10 --> Session: Class initialized using 'CodeIgniter\Session\Handlers\FileHandler' driver.
INFO - 2024-03-13 03:49:13 --> Session: Class initialized using 'CodeIgniter\Session\Handlers\FileHandler' driver.
INFO - 2024-03-13 03:49:15 --> Session: Class initialized using 'CodeIgniter\Session\Handlers\FileHandler' driver.
INFO - 2024-03-13 03:58:42 --> Session: Class initialized using 'CodeIgniter\Session\Handlers\FileHandler' driver.
INFO - 2024-03-13 03:59:08 --> Session: Class initialized using 'CodeIgniter\Session\Handlers\FileHandler' driver.
INFO - 2024-03-13 03:59:19 --> Session: Class initialized using 'CodeIgniter\Session\Handlers\FileHandler' driver.
INFO - 2024-03-13 03:59:19 --> Session: Class initialized using 'CodeIgniter\Session\Handlers\FileHandler' driver.
INFO - 2024-03-13 03:59:30 --> Session: Class initialized using 'CodeIgniter\Session\Handlers\FileHandler' driver.
INFO - 2024-03-13 04:03:28 --> Session: Class initialized using 'CodeIgniter\Session\Handlers\FileHandler' driver.
INFO - 2024-03-13 05:38:32 --> Session: Class initialized using 'CodeIgniter\Session\Handlers\FileHandler' driver.
INFO - 2024-03-13 05:48:57 --> Session: Class initialized using 'CodeIgniter\Session\Handlers\FileHandler' driver.
INFO - 2024-03-13 06:04:27 --> Session: Class initialized using 'CodeIgniter\Session\Handlers\FileHandler' driver.
INFO - 2024-03-13 06:04:50 --> Session: Class initialized using 'CodeIgniter\Session\Handlers\FileHandler' driver.
INFO - 2024-03-13 06:12:34 --> Session: Class initialized using 'CodeIgniter\Session\Handlers\FileHandler' driver.
INFO - 2024-03-13 06:15:22 --> Session: Class initialized using 'CodeIgniter\Session\Handlers\FileHandler' driver.
INFO - 2024-03-13 06:27:06 --> Session: Class initialized using 'CodeIgniter\Session\Handlers\FileHandler' driver.
INFO - 2024-03-13 06:28:00 --> Session: Class initialized using 'CodeIgniter\Session\Handlers\FileHandler' driver.
INFO - 2024-03-13 06:34:05 --> Session: Class initialized using 'CodeIgniter\Session\Handlers\FileHandler' driver.
INFO - 2024-03-13 09:27:01 --> Session: Class initialized using 'CodeIgniter\Session\Handlers\FileHandler' driver.
INFO - 2024-03-13 15:59:40 --> Session: Class initialized using 'CodeIgniter\Session\Handlers\FileHandler' driver.
INFO - 2024-03-13 15:59:51 --> Session: Class initialized using 'CodeIgniter\Session\Handlers\FileHandler' driver.
