CRITICAL - 2024-03-03 01:29:50 --> ErrorException: Undefined variable $data
in APPPATH\Views\pages\dashboard.php on line 1.
 1 APPPATH\Views\pages\dashboard.php(1): CodeIgniter\Debug\Exceptions->errorHandler(2, 'Undefined variable $data', 'D:\\Data Aplikasi\\Xampp\\htdocs\\EnterpriseAutomation\\app\\Views\\pages\\dashboard.php', 1)
 2 SYSTEMPATH\View\View.php(228): include('D:\\Data Aplikasi\\Xampp\\htdocs\\EnterpriseAutomation\\app\\Views\\pages\\dashboard.php')
 3 SYSTEMPATH\View\View.php(231): CodeIgniter\View\View->CodeIgniter\View\{closure}()
 4 SYSTEMPATH\Common.php(1178): CodeIgniter\View\View->render('/pages/dashboard', [], true)
 5 APPPATH\Controllers\Home.php(14): view('/pages/dashboard', [...])
 6 SYSTEMPATH\CodeIgniter.php(941): App\Controllers\Home->index()
 7 SYSTEMPATH\CodeIgniter.php(502): CodeIgniter\CodeIgniter->runController(Object(App\Controllers\Home))
 8 SYSTEMPATH\CodeIgniter.php(361): CodeIgniter\CodeIgniter->handleRequest(null, Object(Config\Cache), false)
 9 FCPATH\index.php(79): CodeIgniter\CodeIgniter->run()
10 SYSTEMPATH\Commands\Server\rewrite.php(47): require_once('D:\\Data Aplikasi\\Xampp\\htdocs\\EnterpriseAutomation\\public\\index.php')
CRITICAL - 2024-03-03 01:32:16 --> ErrorException: Undefined variable $data
in APPPATH\Views\pages\dashboard.php on line 3.
 1 APPPATH\Views\pages\dashboard.php(3): CodeIgniter\Debug\Exceptions->errorHandler(2, 'Undefined variable $data', 'D:\\Data Aplikasi\\Xampp\\htdocs\\EnterpriseAutomation\\app\\Views\\pages\\dashboard.php', 3)
 2 SYSTEMPATH\View\View.php(228): include('D:\\Data Aplikasi\\Xampp\\htdocs\\EnterpriseAutomation\\app\\Views\\pages\\dashboard.php')
 3 SYSTEMPATH\View\View.php(231): CodeIgniter\View\View->CodeIgniter\View\{closure}()
 4 SYSTEMPATH\Common.php(1178): CodeIgniter\View\View->render('/pages/dashboard', [], true)
 5 APPPATH\Controllers\Home.php(14): view('/pages/dashboard', [...])
 6 SYSTEMPATH\CodeIgniter.php(941): App\Controllers\Home->index()
 7 SYSTEMPATH\CodeIgniter.php(502): CodeIgniter\CodeIgniter->runController(Object(App\Controllers\Home))
 8 SYSTEMPATH\CodeIgniter.php(361): CodeIgniter\CodeIgniter->handleRequest(null, Object(Config\Cache), false)
 9 FCPATH\index.php(79): CodeIgniter\CodeIgniter->run()
10 SYSTEMPATH\Commands\Server\rewrite.php(47): require_once('D:\\Data Aplikasi\\Xampp\\htdocs\\EnterpriseAutomation\\public\\index.php')
CRITICAL - 2024-03-03 01:32:26 --> ErrorException: Undefined variable $data
in APPPATH\Views\pages\dashboard.php on line 3.
 1 APPPATH\Views\pages\dashboard.php(3): CodeIgniter\Debug\Exceptions->errorHandler(2, 'Undefined variable $data', 'D:\\Data Aplikasi\\Xampp\\htdocs\\EnterpriseAutomation\\app\\Views\\pages\\dashboard.php', 3)
 2 SYSTEMPATH\View\View.php(228): include('D:\\Data Aplikasi\\Xampp\\htdocs\\EnterpriseAutomation\\app\\Views\\pages\\dashboard.php')
 3 SYSTEMPATH\View\View.php(231): CodeIgniter\View\View->CodeIgniter\View\{closure}()
 4 SYSTEMPATH\Common.php(1178): CodeIgniter\View\View->render('/pages/dashboard', [], true)
 5 APPPATH\Controllers\Home.php(14): view('/pages/dashboard', [...])
 6 SYSTEMPATH\CodeIgniter.php(941): App\Controllers\Home->index()
 7 SYSTEMPATH\CodeIgniter.php(502): CodeIgniter\CodeIgniter->runController(Object(App\Controllers\Home))
 8 SYSTEMPATH\CodeIgniter.php(361): CodeIgniter\CodeIgniter->handleRequest(null, Object(Config\Cache), false)
 9 FCPATH\index.php(79): CodeIgniter\CodeIgniter->run()
10 SYSTEMPATH\Commands\Server\rewrite.php(47): require_once('D:\\Data Aplikasi\\Xampp\\htdocs\\EnterpriseAutomation\\public\\index.php')
CRITICAL - 2024-03-03 01:33:07 --> ErrorException: Undefined variable $data
in APPPATH\Views\pages\dashboard.php on line 3.
 1 APPPATH\Views\pages\dashboard.php(3): CodeIgniter\Debug\Exceptions->errorHandler(2, 'Undefined variable $data', 'D:\\Data Aplikasi\\Xampp\\htdocs\\EnterpriseAutomation\\app\\Views\\pages\\dashboard.php', 3)
 2 SYSTEMPATH\View\View.php(228): include('D:\\Data Aplikasi\\Xampp\\htdocs\\EnterpriseAutomation\\app\\Views\\pages\\dashboard.php')
 3 SYSTEMPATH\View\View.php(231): CodeIgniter\View\View->CodeIgniter\View\{closure}()
 4 SYSTEMPATH\Common.php(1178): CodeIgniter\View\View->render('pages/dashboard', [], true)
 5 APPPATH\Controllers\Home.php(14): view('pages/dashboard', [...])
 6 SYSTEMPATH\CodeIgniter.php(941): App\Controllers\Home->index()
 7 SYSTEMPATH\CodeIgniter.php(502): CodeIgniter\CodeIgniter->runController(Object(App\Controllers\Home))
 8 SYSTEMPATH\CodeIgniter.php(361): CodeIgniter\CodeIgniter->handleRequest(null, Object(Config\Cache), false)
 9 FCPATH\index.php(79): CodeIgniter\CodeIgniter->run()
10 SYSTEMPATH\Commands\Server\rewrite.php(47): require_once('D:\\Data Aplikasi\\Xampp\\htdocs\\EnterpriseAutomation\\public\\index.php')
CRITICAL - 2024-03-03 02:23:32 --> ErrorException: Undefined variable $nav_active
in APPPATH\Views\layout\template.php on line 275.
 1 APPPATH\Views\layout\template.php(275): CodeIgniter\Debug\Exceptions->errorHandler(2, 'Undefined variable $nav_active', 'D:\\Data Aplikasi\\Xampp\\htdocs\\EnterpriseAutomation\\app\\Views\\layout\\template.php', 275)
 2 SYSTEMPATH\View\View.php(228): include('D:\\Data Aplikasi\\Xampp\\htdocs\\EnterpriseAutomation\\app\\Views\\layout\\template.php')
 3 SYSTEMPATH\View\View.php(231): CodeIgniter\View\View->CodeIgniter\View\{closure}()
 4 SYSTEMPATH\View\View.php(244): CodeIgniter\View\View->render('layout/template.php', [], true)
 5 SYSTEMPATH\Common.php(1178): CodeIgniter\View\View->render('/pages/profile', [], true)
 6 APPPATH\Controllers\Pages.php(46): view('/pages/profile', [...])
 7 SYSTEMPATH\CodeIgniter.php(941): App\Controllers\Pages->profile()
 8 SYSTEMPATH\CodeIgniter.php(502): CodeIgniter\CodeIgniter->runController(Object(App\Controllers\Pages))
 9 SYSTEMPATH\CodeIgniter.php(361): CodeIgniter\CodeIgniter->handleRequest(null, Object(Config\Cache), false)
10 FCPATH\index.php(79): CodeIgniter\CodeIgniter->run()
11 SYSTEMPATH\Commands\Server\rewrite.php(47): require_once('D:\\Data Aplikasi\\Xampp\\htdocs\\EnterpriseAutomation\\public\\index.php')
CRITICAL - 2024-03-03 02:25:57 --> ErrorException: Undefined variable $Profile
in APPPATH\Views\pages\profile.php on line 1.
 1 APPPATH\Views\pages\profile.php(1): CodeIgniter\Debug\Exceptions->errorHandler(2, 'Undefined variable $Profile', 'D:\\Data Aplikasi\\Xampp\\htdocs\\EnterpriseAutomation\\app\\Views\\pages\\profile.php', 1)
 2 SYSTEMPATH\View\View.php(228): include('D:\\Data Aplikasi\\Xampp\\htdocs\\EnterpriseAutomation\\app\\Views\\pages\\profile.php')
 3 SYSTEMPATH\View\View.php(231): CodeIgniter\View\View->CodeIgniter\View\{closure}()
 4 SYSTEMPATH\Common.php(1178): CodeIgniter\View\View->render('/pages/profile', [], true)
 5 APPPATH\Controllers\Pages.php(46): view('/pages/profile', [...])
 6 SYSTEMPATH\CodeIgniter.php(941): App\Controllers\Pages->profile()
 7 SYSTEMPATH\CodeIgniter.php(502): CodeIgniter\CodeIgniter->runController(Object(App\Controllers\Pages))
 8 SYSTEMPATH\CodeIgniter.php(361): CodeIgniter\CodeIgniter->handleRequest(null, Object(Config\Cache), false)
 9 FCPATH\index.php(79): CodeIgniter\CodeIgniter->run()
10 SYSTEMPATH\Commands\Server\rewrite.php(47): require_once('D:\\Data Aplikasi\\Xampp\\htdocs\\EnterpriseAutomation\\public\\index.php')
CRITICAL - 2024-03-03 02:27:21 --> ErrorException: Undefined variable $nav_active
in APPPATH\Views\layout\template.php on line 275.
 1 APPPATH\Views\layout\template.php(275): CodeIgniter\Debug\Exceptions->errorHandler(2, 'Undefined variable $nav_active', 'D:\\Data Aplikasi\\Xampp\\htdocs\\EnterpriseAutomation\\app\\Views\\layout\\template.php', 275)
 2 SYSTEMPATH\View\View.php(228): include('D:\\Data Aplikasi\\Xampp\\htdocs\\EnterpriseAutomation\\app\\Views\\layout\\template.php')
 3 SYSTEMPATH\View\View.php(231): CodeIgniter\View\View->CodeIgniter\View\{closure}()
 4 SYSTEMPATH\View\View.php(244): CodeIgniter\View\View->render('layout/template.php', [], true)
 5 SYSTEMPATH\Common.php(1178): CodeIgniter\View\View->render('/pages/profile', [], true)
 6 APPPATH\Controllers\Pages.php(46): view('/pages/profile', [...])
 7 SYSTEMPATH\CodeIgniter.php(941): App\Controllers\Pages->profile()
 8 SYSTEMPATH\CodeIgniter.php(502): CodeIgniter\CodeIgniter->runController(Object(App\Controllers\Pages))
 9 SYSTEMPATH\CodeIgniter.php(361): CodeIgniter\CodeIgniter->handleRequest(null, Object(Config\Cache), false)
10 FCPATH\index.php(79): CodeIgniter\CodeIgniter->run()
11 SYSTEMPATH\Commands\Server\rewrite.php(47): require_once('D:\\Data Aplikasi\\Xampp\\htdocs\\EnterpriseAutomation\\public\\index.php')
CRITICAL - 2024-03-03 02:28:08 --> ErrorException: Undefined variable $nav_active
in APPPATH\Views\layout\template.php on line 275.
 1 APPPATH\Views\layout\template.php(275): CodeIgniter\Debug\Exceptions->errorHandler(2, 'Undefined variable $nav_active', 'D:\\Data Aplikasi\\Xampp\\htdocs\\EnterpriseAutomation\\app\\Views\\layout\\template.php', 275)
 2 SYSTEMPATH\View\View.php(228): include('D:\\Data Aplikasi\\Xampp\\htdocs\\EnterpriseAutomation\\app\\Views\\layout\\template.php')
 3 SYSTEMPATH\View\View.php(231): CodeIgniter\View\View->CodeIgniter\View\{closure}()
 4 SYSTEMPATH\View\View.php(244): CodeIgniter\View\View->render('layout/template.php', [], true)
 5 SYSTEMPATH\Common.php(1178): CodeIgniter\View\View->render('/pages/profile', [], true)
 6 APPPATH\Controllers\Pages.php(46): view('/pages/profile', [...])
 7 SYSTEMPATH\CodeIgniter.php(941): App\Controllers\Pages->profile()
 8 SYSTEMPATH\CodeIgniter.php(502): CodeIgniter\CodeIgniter->runController(Object(App\Controllers\Pages))
 9 SYSTEMPATH\CodeIgniter.php(361): CodeIgniter\CodeIgniter->handleRequest(null, Object(Config\Cache), false)
10 FCPATH\index.php(79): CodeIgniter\CodeIgniter->run()
11 SYSTEMPATH\Commands\Server\rewrite.php(47): require_once('D:\\Data Aplikasi\\Xampp\\htdocs\\EnterpriseAutomation\\public\\index.php')
CRITICAL - 2024-03-03 02:28:12 --> ErrorException: Undefined variable $nav_active
in APPPATH\Views\layout\template.php on line 275.
 1 APPPATH\Views\layout\template.php(275): CodeIgniter\Debug\Exceptions->errorHandler(2, 'Undefined variable $nav_active', 'D:\\Data Aplikasi\\Xampp\\htdocs\\EnterpriseAutomation\\app\\Views\\layout\\template.php', 275)
 2 SYSTEMPATH\View\View.php(228): include('D:\\Data Aplikasi\\Xampp\\htdocs\\EnterpriseAutomation\\app\\Views\\layout\\template.php')
 3 SYSTEMPATH\View\View.php(231): CodeIgniter\View\View->CodeIgniter\View\{closure}()
 4 SYSTEMPATH\View\View.php(244): CodeIgniter\View\View->render('layout/template.php', [], true)
 5 SYSTEMPATH\Common.php(1178): CodeIgniter\View\View->render('/pages/profile', [], true)
 6 APPPATH\Controllers\Pages.php(46): view('/pages/profile', [...])
 7 SYSTEMPATH\CodeIgniter.php(941): App\Controllers\Pages->profile()
 8 SYSTEMPATH\CodeIgniter.php(502): CodeIgniter\CodeIgniter->runController(Object(App\Controllers\Pages))
 9 SYSTEMPATH\CodeIgniter.php(361): CodeIgniter\CodeIgniter->handleRequest(null, Object(Config\Cache), false)
10 FCPATH\index.php(79): CodeIgniter\CodeIgniter->run()
11 SYSTEMPATH\Commands\Server\rewrite.php(47): require_once('D:\\Data Aplikasi\\Xampp\\htdocs\\EnterpriseAutomation\\public\\index.php')
CRITICAL - 2024-03-03 02:30:11 --> TypeError: Unsupported operand types: string + int
in APPPATH\Views\pages\dashboard.php on line 1.
 1 SYSTEMPATH\View\View.php(228): include()
 2 SYSTEMPATH\View\View.php(231): CodeIgniter\View\View->CodeIgniter\View\{closure}()
 3 SYSTEMPATH\Common.php(1178): CodeIgniter\View\View->render('pages/dashboard', [], true)
 4 APPPATH\Controllers\Pages.php(15): view('pages/dashboard', [...])
 5 SYSTEMPATH\CodeIgniter.php(941): App\Controllers\Pages->index()
 6 SYSTEMPATH\CodeIgniter.php(502): CodeIgniter\CodeIgniter->runController(Object(App\Controllers\Pages))
 7 SYSTEMPATH\CodeIgniter.php(361): CodeIgniter\CodeIgniter->handleRequest(null, Object(Config\Cache), false)
 8 FCPATH\index.php(79): CodeIgniter\CodeIgniter->run()
 9 SYSTEMPATH\Commands\Server\rewrite.php(47): require_once('D:\\Data Aplikasi\\Xampp\\htdocs\\EnterpriseAutomation\\public\\index.php')
CRITICAL - 2024-03-03 02:30:23 --> ErrorException: compact(): Undefined variable $SPK
in APPPATH\Views\pages\spk.php on line 1.
 1 [internal function]: CodeIgniter\Debug\Exceptions->errorHandler(2, 'compact(): Undefined variable $SPK', 'D:\\Data Aplikasi\\Xampp\\htdocs\\EnterpriseAutomation\\app\\Views\\pages\\spk.php', 1)
 2 APPPATH\Views\pages\spk.php(1): compact('SPK', 2)
 3 SYSTEMPATH\View\View.php(228): include('D:\\Data Aplikasi\\Xampp\\htdocs\\EnterpriseAutomation\\app\\Views\\pages\\spk.php')
 4 SYSTEMPATH\View\View.php(231): CodeIgniter\View\View->CodeIgniter\View\{closure}()
 5 SYSTEMPATH\Common.php(1178): CodeIgniter\View\View->render('/pages/spk', [], true)
 6 APPPATH\Controllers\Pages.php(28): view('/pages/spk', [...])
 7 SYSTEMPATH\CodeIgniter.php(941): App\Controllers\Pages->spk()
 8 SYSTEMPATH\CodeIgniter.php(502): CodeIgniter\CodeIgniter->runController(Object(App\Controllers\Pages))
 9 SYSTEMPATH\CodeIgniter.php(361): CodeIgniter\CodeIgniter->handleRequest(null, Object(Config\Cache), false)
10 FCPATH\index.php(79): CodeIgniter\CodeIgniter->run()
11 SYSTEMPATH\Commands\Server\rewrite.php(47): require_once('D:\\Data Aplikasi\\Xampp\\htdocs\\EnterpriseAutomation\\public\\index.php')
CRITICAL - 2024-03-03 02:31:14 --> ErrorException: compact(): Undefined variable $SPK
in APPPATH\Views\pages\spk.php on line 3.
 1 [internal function]: CodeIgniter\Debug\Exceptions->errorHandler(2, 'compact(): Undefined variable $SPK', 'D:\\Data Aplikasi\\Xampp\\htdocs\\EnterpriseAutomation\\app\\Views\\pages\\spk.php', 3)
 2 APPPATH\Views\pages\spk.php(3): compact('SPK', 2)
 3 SYSTEMPATH\View\View.php(228): include('D:\\Data Aplikasi\\Xampp\\htdocs\\EnterpriseAutomation\\app\\Views\\pages\\spk.php')
 4 SYSTEMPATH\View\View.php(231): CodeIgniter\View\View->CodeIgniter\View\{closure}()
 5 SYSTEMPATH\Common.php(1178): CodeIgniter\View\View->render('/pages/spk', [], true)
 6 APPPATH\Controllers\Pages.php(28): view('/pages/spk', [...])
 7 SYSTEMPATH\CodeIgniter.php(941): App\Controllers\Pages->spk()
 8 SYSTEMPATH\CodeIgniter.php(502): CodeIgniter\CodeIgniter->runController(Object(App\Controllers\Pages))
 9 SYSTEMPATH\CodeIgniter.php(361): CodeIgniter\CodeIgniter->handleRequest(null, Object(Config\Cache), false)
10 FCPATH\index.php(79): CodeIgniter\CodeIgniter->run()
11 SYSTEMPATH\Commands\Server\rewrite.php(47): require_once('D:\\Data Aplikasi\\Xampp\\htdocs\\EnterpriseAutomation\\public\\index.php')
CRITICAL - 2024-03-03 02:31:19 --> ErrorException: compact(): Undefined variable $SPK
in APPPATH\Views\pages\spk.php on line 3.
 1 [internal function]: CodeIgniter\Debug\Exceptions->errorHandler(2, 'compact(): Undefined variable $SPK', 'D:\\Data Aplikasi\\Xampp\\htdocs\\EnterpriseAutomation\\app\\Views\\pages\\spk.php', 3)
 2 APPPATH\Views\pages\spk.php(3): compact('SPK', 2)
 3 SYSTEMPATH\View\View.php(228): include('D:\\Data Aplikasi\\Xampp\\htdocs\\EnterpriseAutomation\\app\\Views\\pages\\spk.php')
 4 SYSTEMPATH\View\View.php(231): CodeIgniter\View\View->CodeIgniter\View\{closure}()
 5 SYSTEMPATH\Common.php(1178): CodeIgniter\View\View->render('/pages/spk', [], true)
 6 APPPATH\Controllers\Pages.php(28): view('/pages/spk', [...])
 7 SYSTEMPATH\CodeIgniter.php(941): App\Controllers\Pages->spk()
 8 SYSTEMPATH\CodeIgniter.php(502): CodeIgniter\CodeIgniter->runController(Object(App\Controllers\Pages))
 9 SYSTEMPATH\CodeIgniter.php(361): CodeIgniter\CodeIgniter->handleRequest(null, Object(Config\Cache), false)
10 FCPATH\index.php(79): CodeIgniter\CodeIgniter->run()
11 SYSTEMPATH\Commands\Server\rewrite.php(47): require_once('D:\\Data Aplikasi\\Xampp\\htdocs\\EnterpriseAutomation\\public\\index.php')
CRITICAL - 2024-03-03 02:31:50 --> ErrorException: compact(): Undefined variable $SPK
in APPPATH\Views\pages\spk.php on line 3.
 1 [internal function]: CodeIgniter\Debug\Exceptions->errorHandler(2, 'compact(): Undefined variable $SPK', 'D:\\Data Aplikasi\\Xampp\\htdocs\\EnterpriseAutomation\\app\\Views\\pages\\spk.php', 3)
 2 APPPATH\Views\pages\spk.php(3): compact('SPK', 2)
 3 SYSTEMPATH\View\View.php(228): include('D:\\Data Aplikasi\\Xampp\\htdocs\\EnterpriseAutomation\\app\\Views\\pages\\spk.php')
 4 SYSTEMPATH\View\View.php(231): CodeIgniter\View\View->CodeIgniter\View\{closure}()
 5 SYSTEMPATH\Common.php(1178): CodeIgniter\View\View->render('/pages/spk', [], true)
 6 APPPATH\Controllers\Pages.php(28): view('/pages/spk', [...])
 7 SYSTEMPATH\CodeIgniter.php(941): App\Controllers\Pages->spk()
 8 SYSTEMPATH\CodeIgniter.php(502): CodeIgniter\CodeIgniter->runController(Object(App\Controllers\Pages))
 9 SYSTEMPATH\CodeIgniter.php(361): CodeIgniter\CodeIgniter->handleRequest(null, Object(Config\Cache), false)
10 FCPATH\index.php(79): CodeIgniter\CodeIgniter->run()
11 SYSTEMPATH\Commands\Server\rewrite.php(47): require_once('D:\\Data Aplikasi\\Xampp\\htdocs\\EnterpriseAutomation\\public\\index.php')
CRITICAL - 2024-03-03 02:38:16 --> TypeError: Unsupported operand types: string + int
in APPPATH\Views\pages\dashboard.php on line 1.
 1 SYSTEMPATH\View\View.php(228): include()
 2 SYSTEMPATH\View\View.php(231): CodeIgniter\View\View->CodeIgniter\View\{closure}()
 3 SYSTEMPATH\Common.php(1178): CodeIgniter\View\View->render('pages/dashboard', [], true)
 4 APPPATH\Controllers\Pages.php(15): view('pages/dashboard', [...])
 5 SYSTEMPATH\CodeIgniter.php(941): App\Controllers\Pages->index()
 6 SYSTEMPATH\CodeIgniter.php(502): CodeIgniter\CodeIgniter->runController(Object(App\Controllers\Pages))
 7 SYSTEMPATH\CodeIgniter.php(361): CodeIgniter\CodeIgniter->handleRequest(null, Object(Config\Cache), false)
 8 FCPATH\index.php(79): CodeIgniter\CodeIgniter->run()
 9 SYSTEMPATH\Commands\Server\rewrite.php(47): require_once('D:\\Data Aplikasi\\Xampp\\htdocs\\EnterpriseAutomation\\public\\index.php')
CRITICAL - 2024-03-03 03:32:34 --> ErrorException: Undefined variable $nav_active
in APPPATH\Views\layout\template.php on line 275.
 1 APPPATH\Views\layout\template.php(275): CodeIgniter\Debug\Exceptions->errorHandler(2, 'Undefined variable $nav_active', 'D:\\Data Aplikasi\\Xampp\\htdocs\\EnterpriseAutomation\\app\\Views\\layout\\template.php', 275)
 2 SYSTEMPATH\View\View.php(228): include('D:\\Data Aplikasi\\Xampp\\htdocs\\EnterpriseAutomation\\app\\Views\\layout\\template.php')
 3 SYSTEMPATH\View\View.php(231): CodeIgniter\View\View->CodeIgniter\View\{closure}()
 4 SYSTEMPATH\View\View.php(244): CodeIgniter\View\View->render('layout/template.php', [], true)
 5 SYSTEMPATH\Common.php(1178): CodeIgniter\View\View->render('/pages/profile', [], true)
 6 APPPATH\Controllers\Pages.php(46): view('/pages/profile', [...])
 7 SYSTEMPATH\CodeIgniter.php(941): App\Controllers\Pages->profile()
 8 SYSTEMPATH\CodeIgniter.php(502): CodeIgniter\CodeIgniter->runController(Object(App\Controllers\Pages))
 9 SYSTEMPATH\CodeIgniter.php(361): CodeIgniter\CodeIgniter->handleRequest(null, Object(Config\Cache), false)
10 FCPATH\index.php(79): CodeIgniter\CodeIgniter->run()
11 SYSTEMPATH\Commands\Server\rewrite.php(47): require_once('D:\\Data Aplikasi\\Xampp\\htdocs\\EnterpriseAutomation\\public\\index.php')
CRITICAL - 2024-03-03 06:26:56 --> ErrorException: Undefined variable $isi
in APPPATH\Views\pages\spk.php on line 46.
 1 APPPATH\Views\pages\spk.php(46): CodeIgniter\Debug\Exceptions->errorHandler(2, 'Undefined variable $isi', 'D:\\Data Aplikasi\\Xampp\\htdocs\\EnterpriseAutomation\\app\\Views\\pages\\spk.php', 46)
 2 SYSTEMPATH\View\View.php(228): include('D:\\Data Aplikasi\\Xampp\\htdocs\\EnterpriseAutomation\\app\\Views\\pages\\spk.php')
 3 SYSTEMPATH\View\View.php(231): CodeIgniter\View\View->CodeIgniter\View\{closure}()
 4 SYSTEMPATH\Common.php(1178): CodeIgniter\View\View->render('/pages/spk', [], true)
 5 APPPATH\Controllers\Pages.php(31): view('/pages/spk', [...])
 6 SYSTEMPATH\CodeIgniter.php(941): App\Controllers\Pages->spk()
 7 SYSTEMPATH\CodeIgniter.php(502): CodeIgniter\CodeIgniter->runController(Object(App\Controllers\Pages))
 8 SYSTEMPATH\CodeIgniter.php(361): CodeIgniter\CodeIgniter->handleRequest(null, Object(Config\Cache), false)
 9 FCPATH\index.php(79): CodeIgniter\CodeIgniter->run()
10 SYSTEMPATH\Commands\Server\rewrite.php(47): require_once('D:\\Data Aplikasi\\Xampp\\htdocs\\EnterpriseAutomation\\public\\index.php')
CRITICAL - 2024-03-03 08:29:00 --> ErrorException: Undefined variable $spk
in APPPATH\Controllers\Spk.php on line 11.
 1 APPPATH\Controllers\Spk.php(11): CodeIgniter\Debug\Exceptions->errorHandler(2, 'Undefined variable $spk', 'D:\\Data Aplikasi\\Xampp\\htdocs\\EnterpriseAutomation\\app\\Controllers\\Spk.php', 11)
 2 SYSTEMPATH\CodeIgniter.php(913): App\Controllers\Spk->__construct()
 3 SYSTEMPATH\CodeIgniter.php(493): CodeIgniter\CodeIgniter->createController()
 4 SYSTEMPATH\CodeIgniter.php(361): CodeIgniter\CodeIgniter->handleRequest(null, Object(Config\Cache), false)
 5 FCPATH\index.php(79): CodeIgniter\CodeIgniter->run()
 6 SYSTEMPATH\Commands\Server\rewrite.php(47): require_once('D:\\Data Aplikasi\\Xampp\\htdocs\\EnterpriseAutomation\\public\\index.php')
CRITICAL - 2024-03-03 08:29:55 --> ErrorException: Undefined variable $SpkModel
in APPPATH\Controllers\Spk.php on line 11.
 1 APPPATH\Controllers\Spk.php(11): CodeIgniter\Debug\Exceptions->errorHandler(2, 'Undefined variable $SpkModel', 'D:\\Data Aplikasi\\Xampp\\htdocs\\EnterpriseAutomation\\app\\Controllers\\Spk.php', 11)
 2 SYSTEMPATH\CodeIgniter.php(913): App\Controllers\Spk->__construct()
 3 SYSTEMPATH\CodeIgniter.php(493): CodeIgniter\CodeIgniter->createController()
 4 SYSTEMPATH\CodeIgniter.php(361): CodeIgniter\CodeIgniter->handleRequest(null, Object(Config\Cache), false)
 5 FCPATH\index.php(79): CodeIgniter\CodeIgniter->run()
 6 SYSTEMPATH\Commands\Server\rewrite.php(47): require_once('D:\\Data Aplikasi\\Xampp\\htdocs\\EnterpriseAutomation\\public\\index.php')
CRITICAL - 2024-03-03 08:33:21 --> ErrorException: Undefined variable $category
in APPPATH\Views\pages\spk.php on line 102.
 1 APPPATH\Views\pages\spk.php(102): CodeIgniter\Debug\Exceptions->errorHandler(2, 'Undefined variable $category', 'D:\\Data Aplikasi\\Xampp\\htdocs\\EnterpriseAutomation\\app\\Views\\pages\\spk.php', 102)
 2 SYSTEMPATH\View\View.php(228): include('D:\\Data Aplikasi\\Xampp\\htdocs\\EnterpriseAutomation\\app\\Views\\pages\\spk.php')
 3 SYSTEMPATH\View\View.php(231): CodeIgniter\View\View->CodeIgniter\View\{closure}()
 4 SYSTEMPATH\Common.php(1178): CodeIgniter\View\View->render('/pages/spk', [], true)
 5 APPPATH\Controllers\Spk.php(22): view('/pages/spk', [...])
 6 SYSTEMPATH\CodeIgniter.php(941): App\Controllers\Spk->index()
 7 SYSTEMPATH\CodeIgniter.php(502): CodeIgniter\CodeIgniter->runController(Object(App\Controllers\Spk))
 8 SYSTEMPATH\CodeIgniter.php(361): CodeIgniter\CodeIgniter->handleRequest(null, Object(Config\Cache), false)
 9 FCPATH\index.php(79): CodeIgniter\CodeIgniter->run()
10 SYSTEMPATH\Commands\Server\rewrite.php(47): require_once('D:\\Data Aplikasi\\Xampp\\htdocs\\EnterpriseAutomation\\public\\index.php')
