INFO - 2024-03-14 00:18:27 --> Session: Class initialized using 'CodeIgniter\Session\Handlers\FileHandler' driver.
CRITICAL - 2024-03-14 00:33:16 --> ErrorException: Array to string conversion
in APPPATH/Controllers/Order.php on line 31.
 1 APPPATH/Controllers/Order.php(31): CodeIgniter\Debug\Exceptions->errorHandler(2, 'Array to string conversion', '/opt/lampp/htdocs/ena-me-project/EnterpriseAutomation/app/Controllers/Order.php', 31)
 2 SYSTEMPATH/CodeIgniter.php(941): App\Controllers\Order->index()
 3 SYSTEMPATH/CodeIgniter.php(502): CodeIgniter\CodeIgniter->runController(Object(App\Controllers\Order))
 4 SYSTEMPATH/CodeIgniter.php(361): CodeIgniter\CodeIgniter->handleRequest(null, Object(Config\Cache), false)
 5 FCPATH/index.php(79): CodeIgniter\CodeIgniter->run()
 6 SYSTEMPATH/Commands/Server/rewrite.php(47): require_once('/opt/lampp/htdocs/ena-me-project/EnterpriseAutomation/public/index.php')
CRITICAL - 2024-03-14 00:33:18 --> ErrorException: Array to string conversion
in APPPATH/Controllers/Order.php on line 31.
 1 APPPATH/Controllers/Order.php(31): CodeIgniter\Debug\Exceptions->errorHandler(2, 'Array to string conversion', '/opt/lampp/htdocs/ena-me-project/EnterpriseAutomation/app/Controllers/Order.php', 31)
 2 SYSTEMPATH/CodeIgniter.php(941): App\Controllers\Order->index()
 3 SYSTEMPATH/CodeIgniter.php(502): CodeIgniter\CodeIgniter->runController(Object(App\Controllers\Order))
 4 SYSTEMPATH/CodeIgniter.php(361): CodeIgniter\CodeIgniter->handleRequest(null, Object(Config\Cache), false)
 5 FCPATH/index.php(79): CodeIgniter\CodeIgniter->run()
 6 SYSTEMPATH/Commands/Server/rewrite.php(47): require_once('/opt/lampp/htdocs/ena-me-project/EnterpriseAutomation/public/index.php')
CRITICAL - 2024-03-14 00:33:18 --> ErrorException: Array to string conversion
in APPPATH/Controllers/Order.php on line 31.
 1 APPPATH/Controllers/Order.php(31): CodeIgniter\Debug\Exceptions->errorHandler(2, 'Array to string conversion', '/opt/lampp/htdocs/ena-me-project/EnterpriseAutomation/app/Controllers/Order.php', 31)
 2 SYSTEMPATH/CodeIgniter.php(941): App\Controllers\Order->index()
 3 SYSTEMPATH/CodeIgniter.php(502): CodeIgniter\CodeIgniter->runController(Object(App\Controllers\Order))
 4 SYSTEMPATH/CodeIgniter.php(361): CodeIgniter\CodeIgniter->handleRequest(null, Object(Config\Cache), false)
 5 FCPATH/index.php(79): CodeIgniter\CodeIgniter->run()
 6 SYSTEMPATH/Commands/Server/rewrite.php(47): require_once('/opt/lampp/htdocs/ena-me-project/EnterpriseAutomation/public/index.php')
CRITICAL - 2024-03-14 00:33:19 --> ErrorException: Array to string conversion
in APPPATH/Controllers/Order.php on line 31.
 1 APPPATH/Controllers/Order.php(31): CodeIgniter\Debug\Exceptions->errorHandler(2, 'Array to string conversion', '/opt/lampp/htdocs/ena-me-project/EnterpriseAutomation/app/Controllers/Order.php', 31)
 2 SYSTEMPATH/CodeIgniter.php(941): App\Controllers\Order->index()
 3 SYSTEMPATH/CodeIgniter.php(502): CodeIgniter\CodeIgniter->runController(Object(App\Controllers\Order))
 4 SYSTEMPATH/CodeIgniter.php(361): CodeIgniter\CodeIgniter->handleRequest(null, Object(Config\Cache), false)
 5 FCPATH/index.php(79): CodeIgniter\CodeIgniter->run()
 6 SYSTEMPATH/Commands/Server/rewrite.php(47): require_once('/opt/lampp/htdocs/ena-me-project/EnterpriseAutomation/public/index.php')
CRITICAL - 2024-03-14 00:35:05 --> ErrorException: Array to string conversion
in APPPATH/Controllers/Order.php on line 31.
 1 APPPATH/Controllers/Order.php(31): CodeIgniter\Debug\Exceptions->errorHandler(2, 'Array to string conversion', '/opt/lampp/htdocs/ena-me-project/EnterpriseAutomation/app/Controllers/Order.php', 31)
 2 SYSTEMPATH/CodeIgniter.php(941): App\Controllers\Order->index()
 3 SYSTEMPATH/CodeIgniter.php(502): CodeIgniter\CodeIgniter->runController(Object(App\Controllers\Order))
 4 SYSTEMPATH/CodeIgniter.php(361): CodeIgniter\CodeIgniter->handleRequest(null, Object(Config\Cache), false)
 5 FCPATH/index.php(79): CodeIgniter\CodeIgniter->run()
 6 SYSTEMPATH/Commands/Server/rewrite.php(47): require_once('/opt/lampp/htdocs/ena-me-project/EnterpriseAutomation/public/index.php')
CRITICAL - 2024-03-14 00:35:42 --> ErrorException: Array to string conversion
in APPPATH/Controllers/Order.php on line 31.
 1 APPPATH/Controllers/Order.php(31): CodeIgniter\Debug\Exceptions->errorHandler(2, 'Array to string conversion', '/opt/lampp/htdocs/ena-me-project/EnterpriseAutomation/app/Controllers/Order.php', 31)
 2 SYSTEMPATH/CodeIgniter.php(941): App\Controllers\Order->index()
 3 SYSTEMPATH/CodeIgniter.php(502): CodeIgniter\CodeIgniter->runController(Object(App\Controllers\Order))
 4 SYSTEMPATH/CodeIgniter.php(361): CodeIgniter\CodeIgniter->handleRequest(null, Object(Config\Cache), false)
 5 FCPATH/index.php(79): CodeIgniter\CodeIgniter->run()
 6 SYSTEMPATH/Commands/Server/rewrite.php(47): require_once('/opt/lampp/htdocs/ena-me-project/EnterpriseAutomation/public/index.php')
CRITICAL - 2024-03-14 00:35:42 --> ErrorException: Array to string conversion
in APPPATH/Controllers/Order.php on line 31.
 1 APPPATH/Controllers/Order.php(31): CodeIgniter\Debug\Exceptions->errorHandler(2, 'Array to string conversion', '/opt/lampp/htdocs/ena-me-project/EnterpriseAutomation/app/Controllers/Order.php', 31)
 2 SYSTEMPATH/CodeIgniter.php(941): App\Controllers\Order->index()
 3 SYSTEMPATH/CodeIgniter.php(502): CodeIgniter\CodeIgniter->runController(Object(App\Controllers\Order))
 4 SYSTEMPATH/CodeIgniter.php(361): CodeIgniter\CodeIgniter->handleRequest(null, Object(Config\Cache), false)
 5 FCPATH/index.php(79): CodeIgniter\CodeIgniter->run()
 6 SYSTEMPATH/Commands/Server/rewrite.php(47): require_once('/opt/lampp/htdocs/ena-me-project/EnterpriseAutomation/public/index.php')
CRITICAL - 2024-03-14 00:42:27 --> ErrorException: Undefined variable $current_page
in APPPATH/Views/pages/order.php on line 95.
 1 APPPATH/Views/pages/order.php(95): CodeIgniter\Debug\Exceptions->errorHandler(2, 'Undefined variable $current_page', '/opt/lampp/htdocs/ena-me-project/EnterpriseAutomation/app/Views/pages/order.php', 95)
 2 SYSTEMPATH/View/View.php(228): include('/opt/lampp/htdocs/ena-me-project/EnterpriseAutomation/app/Views/pages/order.php')
 3 SYSTEMPATH/View/View.php(231): CodeIgniter\View\View->CodeIgniter\View\{closure}()
 4 SYSTEMPATH/Common.php(1178): CodeIgniter\View\View->render('pages/order.php', [], true)
 5 APPPATH/Controllers/Order.php(15): view('pages/order.php', [...])
 6 SYSTEMPATH/CodeIgniter.php(941): App\Controllers\Order->index()
 7 SYSTEMPATH/CodeIgniter.php(502): CodeIgniter\CodeIgniter->runController(Object(App\Controllers\Order))
 8 SYSTEMPATH/CodeIgniter.php(361): CodeIgniter\CodeIgniter->handleRequest(null, Object(Config\Cache), false)
 9 FCPATH/index.php(79): CodeIgniter\CodeIgniter->run()
10 SYSTEMPATH/Commands/Server/rewrite.php(47): require_once('/opt/lampp/htdocs/ena-me-project/EnterpriseAutomation/public/index.php')
CRITICAL - 2024-03-14 00:42:28 --> ErrorException: Undefined variable $current_page
in APPPATH/Views/pages/order.php on line 95.
 1 APPPATH/Views/pages/order.php(95): CodeIgniter\Debug\Exceptions->errorHandler(2, 'Undefined variable $current_page', '/opt/lampp/htdocs/ena-me-project/EnterpriseAutomation/app/Views/pages/order.php', 95)
 2 SYSTEMPATH/View/View.php(228): include('/opt/lampp/htdocs/ena-me-project/EnterpriseAutomation/app/Views/pages/order.php')
 3 SYSTEMPATH/View/View.php(231): CodeIgniter\View\View->CodeIgniter\View\{closure}()
 4 SYSTEMPATH/Common.php(1178): CodeIgniter\View\View->render('pages/order.php', [], true)
 5 APPPATH/Controllers/Order.php(15): view('pages/order.php', [...])
 6 SYSTEMPATH/CodeIgniter.php(941): App\Controllers\Order->index()
 7 SYSTEMPATH/CodeIgniter.php(502): CodeIgniter\CodeIgniter->runController(Object(App\Controllers\Order))
 8 SYSTEMPATH/CodeIgniter.php(361): CodeIgniter\CodeIgniter->handleRequest(null, Object(Config\Cache), false)
 9 FCPATH/index.php(79): CodeIgniter\CodeIgniter->run()
10 SYSTEMPATH/Commands/Server/rewrite.php(47): require_once('/opt/lampp/htdocs/ena-me-project/EnterpriseAutomation/public/index.php')
CRITICAL - 2024-03-14 00:42:29 --> ErrorException: Undefined variable $current_page
in APPPATH/Views/pages/order.php on line 95.
 1 APPPATH/Views/pages/order.php(95): CodeIgniter\Debug\Exceptions->errorHandler(2, 'Undefined variable $current_page', '/opt/lampp/htdocs/ena-me-project/EnterpriseAutomation/app/Views/pages/order.php', 95)
 2 SYSTEMPATH/View/View.php(228): include('/opt/lampp/htdocs/ena-me-project/EnterpriseAutomation/app/Views/pages/order.php')
 3 SYSTEMPATH/View/View.php(231): CodeIgniter\View\View->CodeIgniter\View\{closure}()
 4 SYSTEMPATH/Common.php(1178): CodeIgniter\View\View->render('pages/order.php', [], true)
 5 APPPATH/Controllers/Order.php(15): view('pages/order.php', [...])
 6 SYSTEMPATH/CodeIgniter.php(941): App\Controllers\Order->index()
 7 SYSTEMPATH/CodeIgniter.php(502): CodeIgniter\CodeIgniter->runController(Object(App\Controllers\Order))
 8 SYSTEMPATH/CodeIgniter.php(361): CodeIgniter\CodeIgniter->handleRequest(null, Object(Config\Cache), false)
 9 FCPATH/index.php(79): CodeIgniter\CodeIgniter->run()
10 SYSTEMPATH/Commands/Server/rewrite.php(47): require_once('/opt/lampp/htdocs/ena-me-project/EnterpriseAutomation/public/index.php')
CRITICAL - 2024-03-14 00:42:29 --> ErrorException: Undefined variable $current_page
in APPPATH/Views/pages/order.php on line 95.
 1 APPPATH/Views/pages/order.php(95): CodeIgniter\Debug\Exceptions->errorHandler(2, 'Undefined variable $current_page', '/opt/lampp/htdocs/ena-me-project/EnterpriseAutomation/app/Views/pages/order.php', 95)
 2 SYSTEMPATH/View/View.php(228): include('/opt/lampp/htdocs/ena-me-project/EnterpriseAutomation/app/Views/pages/order.php')
 3 SYSTEMPATH/View/View.php(231): CodeIgniter\View\View->CodeIgniter\View\{closure}()
 4 SYSTEMPATH/Common.php(1178): CodeIgniter\View\View->render('pages/order.php', [], true)
 5 APPPATH/Controllers/Order.php(15): view('pages/order.php', [...])
 6 SYSTEMPATH/CodeIgniter.php(941): App\Controllers\Order->index()
 7 SYSTEMPATH/CodeIgniter.php(502): CodeIgniter\CodeIgniter->runController(Object(App\Controllers\Order))
 8 SYSTEMPATH/CodeIgniter.php(361): CodeIgniter\CodeIgniter->handleRequest(null, Object(Config\Cache), false)
 9 FCPATH/index.php(79): CodeIgniter\CodeIgniter->run()
10 SYSTEMPATH/Commands/Server/rewrite.php(47): require_once('/opt/lampp/htdocs/ena-me-project/EnterpriseAutomation/public/index.php')
CRITICAL - 2024-03-14 00:42:30 --> ErrorException: Undefined variable $current_page
in APPPATH/Views/pages/order.php on line 95.
 1 APPPATH/Views/pages/order.php(95): CodeIgniter\Debug\Exceptions->errorHandler(2, 'Undefined variable $current_page', '/opt/lampp/htdocs/ena-me-project/EnterpriseAutomation/app/Views/pages/order.php', 95)
 2 SYSTEMPATH/View/View.php(228): include('/opt/lampp/htdocs/ena-me-project/EnterpriseAutomation/app/Views/pages/order.php')
 3 SYSTEMPATH/View/View.php(231): CodeIgniter\View\View->CodeIgniter\View\{closure}()
 4 SYSTEMPATH/Common.php(1178): CodeIgniter\View\View->render('pages/order.php', [], true)
 5 APPPATH/Controllers/Order.php(15): view('pages/order.php', [...])
 6 SYSTEMPATH/CodeIgniter.php(941): App\Controllers\Order->index()
 7 SYSTEMPATH/CodeIgniter.php(502): CodeIgniter\CodeIgniter->runController(Object(App\Controllers\Order))
 8 SYSTEMPATH/CodeIgniter.php(361): CodeIgniter\CodeIgniter->handleRequest(null, Object(Config\Cache), false)
 9 FCPATH/index.php(79): CodeIgniter\CodeIgniter->run()
10 SYSTEMPATH/Commands/Server/rewrite.php(47): require_once('/opt/lampp/htdocs/ena-me-project/EnterpriseAutomation/public/index.php')
INFO - 2024-03-14 01:02:51 --> Session: Class initialized using 'CodeIgniter\Session\Handlers\FileHandler' driver.
INFO - 2024-03-14 01:02:56 --> Session: Class initialized using 'CodeIgniter\Session\Handlers\FileHandler' driver.
CRITICAL - 2024-03-14 01:07:27 --> ErrorException: Undefined variable $order
in APPPATH/Views/pages/order.php on line 17.
 1 APPPATH/Views/pages/order.php(17): CodeIgniter\Debug\Exceptions->errorHandler(2, 'Undefined variable $order', '/opt/lampp/htdocs/ena-me-project/EnterpriseAutomation/app/Views/pages/order.php', 17)
 2 SYSTEMPATH/View/View.php(228): include('/opt/lampp/htdocs/ena-me-project/EnterpriseAutomation/app/Views/pages/order.php')
 3 SYSTEMPATH/View/View.php(231): CodeIgniter\View\View->CodeIgniter\View\{closure}()
 4 SYSTEMPATH/Common.php(1178): CodeIgniter\View\View->render('pages/order', [], true)
 5 APPPATH/Controllers/Order.php(31): view('pages/order', [...])
 6 SYSTEMPATH/CodeIgniter.php(941): App\Controllers\Order->index()
 7 SYSTEMPATH/CodeIgniter.php(502): CodeIgniter\CodeIgniter->runController(Object(App\Controllers\Order))
 8 SYSTEMPATH/CodeIgniter.php(361): CodeIgniter\CodeIgniter->handleRequest(null, Object(Config\Cache), false)
 9 FCPATH/index.php(79): CodeIgniter\CodeIgniter->run()
10 SYSTEMPATH/Commands/Server/rewrite.php(47): require_once('/opt/lampp/htdocs/ena-me-project/EnterpriseAutomation/public/index.php')
WARNING - 2024-03-14 01:20:22 --> [DEPRECATED] str_pad(): Passing null to parameter #1 ($string) of type string is deprecated in APPPATH/Views/pages/order.php on line 165.
 1 APPPATH/Views/pages/order.php(165): str_pad(null, 4, '0', 0)
 2 SYSTEMPATH/View/View.php(228): include('/opt/lampp/htdocs/ena-me-project/EnterpriseAutomation/app/Views/pages/order.php')
 3 SYSTEMPATH/View/View.php(231): CodeIgniter\View\View->CodeIgniter\View\{closure}()
 4 SYSTEMPATH/Common.php(1178): CodeIgniter\View\View->render('pages/order', [], true)
 5 APPPATH/Controllers/Order.php(31): view('pages/order', [...])
 6 SYSTEMPATH/CodeIgniter.php(941): App\Controllers\Order->index()
 7 SYSTEMPATH/CodeIgniter.php(502): CodeIgniter\CodeIgniter->runController(Object(App\Controllers\Order))
 8 SYSTEMPATH/CodeIgniter.php(361): CodeIgniter\CodeIgniter->handleRequest(null, Object(Config\Cache), false)
 9 FCPATH/index.php(79): CodeIgniter\CodeIgniter->run()
10 SYSTEMPATH/Commands/Server/rewrite.php(47): require_once('/opt/lampp/htdocs/ena-me-project/EnterpriseAutomation/public/index.php')
WARNING - 2024-03-14 01:20:23 --> [DEPRECATED] str_pad(): Passing null to parameter #1 ($string) of type string is deprecated in APPPATH/Views/pages/order.php on line 165.
 1 APPPATH/Views/pages/order.php(165): str_pad(null, 4, '0', 0)
 2 SYSTEMPATH/View/View.php(228): include('/opt/lampp/htdocs/ena-me-project/EnterpriseAutomation/app/Views/pages/order.php')
 3 SYSTEMPATH/View/View.php(231): CodeIgniter\View\View->CodeIgniter\View\{closure}()
 4 SYSTEMPATH/Common.php(1178): CodeIgniter\View\View->render('pages/order', [], true)
 5 APPPATH/Controllers/Order.php(31): view('pages/order', [...])
 6 SYSTEMPATH/CodeIgniter.php(941): App\Controllers\Order->index()
 7 SYSTEMPATH/CodeIgniter.php(502): CodeIgniter\CodeIgniter->runController(Object(App\Controllers\Order))
 8 SYSTEMPATH/CodeIgniter.php(361): CodeIgniter\CodeIgniter->handleRequest(null, Object(Config\Cache), false)
 9 FCPATH/index.php(79): CodeIgniter\CodeIgniter->run()
10 SYSTEMPATH/Commands/Server/rewrite.php(47): require_once('/opt/lampp/htdocs/ena-me-project/EnterpriseAutomation/public/index.php')
WARNING - 2024-03-14 01:20:25 --> [DEPRECATED] str_pad(): Passing null to parameter #1 ($string) of type string is deprecated in APPPATH/Views/pages/order.php on line 165.
 1 APPPATH/Views/pages/order.php(165): str_pad(null, 4, '0', 0)
 2 SYSTEMPATH/View/View.php(228): include('/opt/lampp/htdocs/ena-me-project/EnterpriseAutomation/app/Views/pages/order.php')
 3 SYSTEMPATH/View/View.php(231): CodeIgniter\View\View->CodeIgniter\View\{closure}()
 4 SYSTEMPATH/Common.php(1178): CodeIgniter\View\View->render('pages/order', [], true)
 5 APPPATH/Controllers/Order.php(31): view('pages/order', [...])
 6 SYSTEMPATH/CodeIgniter.php(941): App\Controllers\Order->index()
 7 SYSTEMPATH/CodeIgniter.php(502): CodeIgniter\CodeIgniter->runController(Object(App\Controllers\Order))
 8 SYSTEMPATH/CodeIgniter.php(361): CodeIgniter\CodeIgniter->handleRequest(null, Object(Config\Cache), false)
 9 FCPATH/index.php(79): CodeIgniter\CodeIgniter->run()
10 SYSTEMPATH/Commands/Server/rewrite.php(47): require_once('/opt/lampp/htdocs/ena-me-project/EnterpriseAutomation/public/index.php')
WARNING - 2024-03-14 01:20:26 --> [DEPRECATED] str_pad(): Passing null to parameter #1 ($string) of type string is deprecated in APPPATH/Views/pages/order.php on line 165.
 1 APPPATH/Views/pages/order.php(165): str_pad(null, 4, '0', 0)
 2 SYSTEMPATH/View/View.php(228): include('/opt/lampp/htdocs/ena-me-project/EnterpriseAutomation/app/Views/pages/order.php')
 3 SYSTEMPATH/View/View.php(231): CodeIgniter\View\View->CodeIgniter\View\{closure}()
 4 SYSTEMPATH/Common.php(1178): CodeIgniter\View\View->render('pages/order', [], true)
 5 APPPATH/Controllers/Order.php(31): view('pages/order', [...])
 6 SYSTEMPATH/CodeIgniter.php(941): App\Controllers\Order->index()
 7 SYSTEMPATH/CodeIgniter.php(502): CodeIgniter\CodeIgniter->runController(Object(App\Controllers\Order))
 8 SYSTEMPATH/CodeIgniter.php(361): CodeIgniter\CodeIgniter->handleRequest(null, Object(Config\Cache), false)
 9 FCPATH/index.php(79): CodeIgniter\CodeIgniter->run()
10 SYSTEMPATH/Commands/Server/rewrite.php(47): require_once('/opt/lampp/htdocs/ena-me-project/EnterpriseAutomation/public/index.php')
INFO - 2024-03-14 01:23:39 --> Session: Class initialized using 'CodeIgniter\Session\Handlers\FileHandler' driver.
INFO - 2024-03-14 01:24:04 --> Session: Class initialized using 'CodeIgniter\Session\Handlers\FileHandler' driver.
INFO - 2024-03-14 01:24:04 --> Session: Class initialized using 'CodeIgniter\Session\Handlers\FileHandler' driver.
INFO - 2024-03-14 01:24:07 --> Session: Class initialized using 'CodeIgniter\Session\Handlers\FileHandler' driver.
INFO - 2024-03-14 01:24:08 --> Session: Class initialized using 'CodeIgniter\Session\Handlers\FileHandler' driver.
INFO - 2024-03-14 01:41:15 --> Session: Class initialized using 'CodeIgniter\Session\Handlers\FileHandler' driver.
INFO - 2024-03-14 02:08:31 --> Session: Class initialized using 'CodeIgniter\Session\Handlers\FileHandler' driver.
WARNING - 2024-03-14 02:49:49 --> [DEPRECATED] str_pad(): Passing null to parameter #1 ($string) of type string is deprecated in APPPATH/Views/pages/order.php on line 165.
 1 APPPATH/Views/pages/order.php(165): str_pad(null, 4, '0', 0)
 2 SYSTEMPATH/View/View.php(228): include('/opt/lampp/htdocs/ena-me-project/EnterpriseAutomation/app/Views/pages/order.php')
 3 SYSTEMPATH/View/View.php(231): CodeIgniter\View\View->CodeIgniter\View\{closure}()
 4 SYSTEMPATH/Common.php(1178): CodeIgniter\View\View->render('pages/order', [], true)
 5 APPPATH/Controllers/Order.php(31): view('pages/order', [...])
 6 SYSTEMPATH/CodeIgniter.php(941): App\Controllers\Order->index()
 7 SYSTEMPATH/CodeIgniter.php(502): CodeIgniter\CodeIgniter->runController(Object(App\Controllers\Order))
 8 SYSTEMPATH/CodeIgniter.php(361): CodeIgniter\CodeIgniter->handleRequest(null, Object(Config\Cache), false)
 9 FCPATH/index.php(79): CodeIgniter\CodeIgniter->run()
10 SYSTEMPATH/Commands/Server/rewrite.php(47): require_once('/opt/lampp/htdocs/ena-me-project/EnterpriseAutomation/public/index.php')
WARNING - 2024-03-14 03:16:46 --> [DEPRECATED] str_pad(): Passing null to parameter #1 ($string) of type string is deprecated in APPPATH/Views/pages/order.php on line 165.
 1 APPPATH/Views/pages/order.php(165): str_pad(null, 4, '0', 0)
 2 SYSTEMPATH/View/View.php(228): include('/opt/lampp/htdocs/ena-me-project/EnterpriseAutomation/app/Views/pages/order.php')
 3 SYSTEMPATH/View/View.php(231): CodeIgniter\View\View->CodeIgniter\View\{closure}()
 4 SYSTEMPATH/Common.php(1178): CodeIgniter\View\View->render('pages/order', [], true)
 5 APPPATH/Controllers/Order.php(31): view('pages/order', [...])
 6 SYSTEMPATH/CodeIgniter.php(941): App\Controllers\Order->index()
 7 SYSTEMPATH/CodeIgniter.php(502): CodeIgniter\CodeIgniter->runController(Object(App\Controllers\Order))
 8 SYSTEMPATH/CodeIgniter.php(361): CodeIgniter\CodeIgniter->handleRequest(null, Object(Config\Cache), false)
 9 FCPATH/index.php(79): CodeIgniter\CodeIgniter->run()
10 SYSTEMPATH/Commands/Server/rewrite.php(47): require_once('/opt/lampp/htdocs/ena-me-project/EnterpriseAutomation/public/index.php')
INFO - 2024-03-14 03:20:31 --> Session: Class initialized using 'CodeIgniter\Session\Handlers\FileHandler' driver.
INFO - 2024-03-14 03:20:45 --> Session: Class initialized using 'CodeIgniter\Session\Handlers\FileHandler' driver.
INFO - 2024-03-14 03:21:07 --> Session: Class initialized using 'CodeIgniter\Session\Handlers\FileHandler' driver.
WARNING - 2024-03-14 03:32:56 --> [DEPRECATED] str_pad(): Passing null to parameter #1 ($string) of type string is deprecated in APPPATH/Views/pages/order.php on line 168.
 1 APPPATH/Views/pages/order.php(168): str_pad(null, 4, '0', 0)
 2 SYSTEMPATH/View/View.php(228): include('/opt/lampp/htdocs/ena-me-project/EnterpriseAutomation/app/Views/pages/order.php')
 3 SYSTEMPATH/View/View.php(231): CodeIgniter\View\View->CodeIgniter\View\{closure}()
 4 SYSTEMPATH/Common.php(1178): CodeIgniter\View\View->render('pages/order', [], true)
 5 APPPATH/Controllers/Order.php(31): view('pages/order', [...])
 6 SYSTEMPATH/CodeIgniter.php(941): App\Controllers\Order->index()
 7 SYSTEMPATH/CodeIgniter.php(502): CodeIgniter\CodeIgniter->runController(Object(App\Controllers\Order))
 8 SYSTEMPATH/CodeIgniter.php(361): CodeIgniter\CodeIgniter->handleRequest(null, Object(Config\Cache), false)
 9 FCPATH/index.php(79): CodeIgniter\CodeIgniter->run()
10 SYSTEMPATH/Commands/Server/rewrite.php(47): require_once('/opt/lampp/htdocs/ena-me-project/EnterpriseAutomation/public/index.php')
WARNING - 2024-03-14 03:37:06 --> [DEPRECATED] str_pad(): Passing null to parameter #1 ($string) of type string is deprecated in APPPATH/Views/pages/order.php on line 168.
 1 APPPATH/Views/pages/order.php(168): str_pad(null, 4, '0', 0)
 2 SYSTEMPATH/View/View.php(228): include('/opt/lampp/htdocs/ena-me-project/EnterpriseAutomation/app/Views/pages/order.php')
 3 SYSTEMPATH/View/View.php(231): CodeIgniter\View\View->CodeIgniter\View\{closure}()
 4 SYSTEMPATH/Common.php(1178): CodeIgniter\View\View->render('pages/order', [], true)
 5 APPPATH/Controllers/Order.php(31): view('pages/order', [...])
 6 SYSTEMPATH/CodeIgniter.php(941): App\Controllers\Order->index()
 7 SYSTEMPATH/CodeIgniter.php(502): CodeIgniter\CodeIgniter->runController(Object(App\Controllers\Order))
 8 SYSTEMPATH/CodeIgniter.php(361): CodeIgniter\CodeIgniter->handleRequest(null, Object(Config\Cache), false)
 9 FCPATH/index.php(79): CodeIgniter\CodeIgniter->run()
10 SYSTEMPATH/Commands/Server/rewrite.php(47): require_once('/opt/lampp/htdocs/ena-me-project/EnterpriseAutomation/public/index.php')
WARNING - 2024-03-14 03:39:36 --> [DEPRECATED] str_pad(): Passing null to parameter #1 ($string) of type string is deprecated in APPPATH/Views/pages/order.php on line 168.
 1 APPPATH/Views/pages/order.php(168): str_pad(null, 4, '0', 0)
 2 SYSTEMPATH/View/View.php(228): include('/opt/lampp/htdocs/ena-me-project/EnterpriseAutomation/app/Views/pages/order.php')
 3 SYSTEMPATH/View/View.php(231): CodeIgniter\View\View->CodeIgniter\View\{closure}()
 4 SYSTEMPATH/Common.php(1178): CodeIgniter\View\View->render('pages/order', [], true)
 5 APPPATH/Controllers/Order.php(31): view('pages/order', [...])
 6 SYSTEMPATH/CodeIgniter.php(941): App\Controllers\Order->index()
 7 SYSTEMPATH/CodeIgniter.php(502): CodeIgniter\CodeIgniter->runController(Object(App\Controllers\Order))
 8 SYSTEMPATH/CodeIgniter.php(361): CodeIgniter\CodeIgniter->handleRequest(null, Object(Config\Cache), false)
 9 FCPATH/index.php(79): CodeIgniter\CodeIgniter->run()
10 SYSTEMPATH/Commands/Server/rewrite.php(47): require_once('/opt/lampp/htdocs/ena-me-project/EnterpriseAutomation/public/index.php')
INFO - 2024-03-14 03:50:44 --> Session: Class initialized using 'CodeIgniter\Session\Handlers\FileHandler' driver.
WARNING - 2024-03-14 03:50:44 --> [DEPRECATED] str_pad(): Passing null to parameter #1 ($string) of type string is deprecated in APPPATH/Views/pages/order.php on line 175.
 1 APPPATH/Views/pages/order.php(175): str_pad(null, 4, '0', 0)
 2 SYSTEMPATH/View/View.php(228): include('/opt/lampp/htdocs/ena-me-project/EnterpriseAutomation/app/Views/pages/order.php')
 3 SYSTEMPATH/View/View.php(231): CodeIgniter\View\View->CodeIgniter\View\{closure}()
 4 SYSTEMPATH/Common.php(1178): CodeIgniter\View\View->render('pages/order', [], true)
 5 APPPATH/Controllers/Order.php(31): view('pages/order', [...])
 6 SYSTEMPATH/CodeIgniter.php(941): App\Controllers\Order->index()
 7 SYSTEMPATH/CodeIgniter.php(502): CodeIgniter\CodeIgniter->runController(Object(App\Controllers\Order))
 8 SYSTEMPATH/CodeIgniter.php(361): CodeIgniter\CodeIgniter->handleRequest(null, Object(Config\Cache), false)
 9 FCPATH/index.php(79): CodeIgniter\CodeIgniter->run()
10 SYSTEMPATH/Commands/Server/rewrite.php(47): require_once('/opt/lampp/htdocs/ena-me-project/EnterpriseAutomation/public/index.php')
INFO - 2024-03-14 03:50:52 --> Session: Class initialized using 'CodeIgniter\Session\Handlers\FileHandler' driver.
INFO - 2024-03-14 03:50:56 --> Session: Class initialized using 'CodeIgniter\Session\Handlers\FileHandler' driver.
WARNING - 2024-03-14 03:50:56 --> [DEPRECATED] str_pad(): Passing null to parameter #1 ($string) of type string is deprecated in APPPATH/Views/pages/order.php on line 175.
 1 APPPATH/Views/pages/order.php(175): str_pad(null, 4, '0', 0)
 2 SYSTEMPATH/View/View.php(228): include('/opt/lampp/htdocs/ena-me-project/EnterpriseAutomation/app/Views/pages/order.php')
 3 SYSTEMPATH/View/View.php(231): CodeIgniter\View\View->CodeIgniter\View\{closure}()
 4 SYSTEMPATH/Common.php(1178): CodeIgniter\View\View->render('pages/order', [], true)
 5 APPPATH/Controllers/Order.php(31): view('pages/order', [...])
 6 SYSTEMPATH/CodeIgniter.php(941): App\Controllers\Order->index()
 7 SYSTEMPATH/CodeIgniter.php(502): CodeIgniter\CodeIgniter->runController(Object(App\Controllers\Order))
 8 SYSTEMPATH/CodeIgniter.php(361): CodeIgniter\CodeIgniter->handleRequest(null, Object(Config\Cache), false)
 9 FCPATH/index.php(79): CodeIgniter\CodeIgniter->run()
10 SYSTEMPATH/Commands/Server/rewrite.php(47): require_once('/opt/lampp/htdocs/ena-me-project/EnterpriseAutomation/public/index.php')
INFO - 2024-03-14 03:50:59 --> Session: Class initialized using 'CodeIgniter\Session\Handlers\FileHandler' driver.
INFO - 2024-03-14 03:53:45 --> Session: Class initialized using 'CodeIgniter\Session\Handlers\FileHandler' driver.
INFO - 2024-03-14 03:53:48 --> Session: Class initialized using 'CodeIgniter\Session\Handlers\FileHandler' driver.
WARNING - 2024-03-14 03:53:48 --> [DEPRECATED] str_pad(): Passing null to parameter #1 ($string) of type string is deprecated in APPPATH/Views/pages/order.php on line 175.
 1 APPPATH/Views/pages/order.php(175): str_pad(null, 4, '0', 0)
 2 SYSTEMPATH/View/View.php(228): include('/opt/lampp/htdocs/ena-me-project/EnterpriseAutomation/app/Views/pages/order.php')
 3 SYSTEMPATH/View/View.php(231): CodeIgniter\View\View->CodeIgniter\View\{closure}()
 4 SYSTEMPATH/Common.php(1178): CodeIgniter\View\View->render('pages/order', [], true)
 5 APPPATH/Controllers/Order.php(31): view('pages/order', [...])
 6 SYSTEMPATH/CodeIgniter.php(941): App\Controllers\Order->index()
 7 SYSTEMPATH/CodeIgniter.php(502): CodeIgniter\CodeIgniter->runController(Object(App\Controllers\Order))
 8 SYSTEMPATH/CodeIgniter.php(361): CodeIgniter\CodeIgniter->handleRequest(null, Object(Config\Cache), false)
 9 FCPATH/index.php(79): CodeIgniter\CodeIgniter->run()
10 SYSTEMPATH/Commands/Server/rewrite.php(47): require_once('/opt/lampp/htdocs/ena-me-project/EnterpriseAutomation/public/index.php')
INFO - 2024-03-14 04:08:43 --> Session: Class initialized using 'CodeIgniter\Session\Handlers\FileHandler' driver.
INFO - 2024-03-14 04:08:58 --> Session: Class initialized using 'CodeIgniter\Session\Handlers\FileHandler' driver.
INFO - 2024-03-14 04:08:59 --> Session: Class initialized using 'CodeIgniter\Session\Handlers\FileHandler' driver.
INFO - 2024-03-14 04:11:36 --> Session: Class initialized using 'CodeIgniter\Session\Handlers\FileHandler' driver.
WARNING - 2024-03-14 04:11:36 --> [DEPRECATED] str_pad(): Passing null to parameter #1 ($string) of type string is deprecated in APPPATH/Views/pages/order.php on line 174.
 1 APPPATH/Views/pages/order.php(174): str_pad(null, 4, '0', 0)
 2 SYSTEMPATH/View/View.php(228): include('/opt/lampp/htdocs/ena-me-project/EnterpriseAutomation/app/Views/pages/order.php')
 3 SYSTEMPATH/View/View.php(231): CodeIgniter\View\View->CodeIgniter\View\{closure}()
 4 SYSTEMPATH/Common.php(1178): CodeIgniter\View\View->render('pages/order', [], true)
 5 APPPATH/Controllers/Order.php(31): view('pages/order', [...])
 6 SYSTEMPATH/CodeIgniter.php(941): App\Controllers\Order->index()
 7 SYSTEMPATH/CodeIgniter.php(502): CodeIgniter\CodeIgniter->runController(Object(App\Controllers\Order))
 8 SYSTEMPATH/CodeIgniter.php(361): CodeIgniter\CodeIgniter->handleRequest(null, Object(Config\Cache), false)
 9 FCPATH/index.php(79): CodeIgniter\CodeIgniter->run()
10 SYSTEMPATH/Commands/Server/rewrite.php(47): require_once('/opt/lampp/htdocs/ena-me-project/EnterpriseAutomation/public/index.php')
INFO - 2024-03-14 04:11:39 --> Session: Class initialized using 'CodeIgniter\Session\Handlers\FileHandler' driver.
WARNING - 2024-03-14 04:11:39 --> [DEPRECATED] str_pad(): Passing null to parameter #1 ($string) of type string is deprecated in APPPATH/Views/pages/order.php on line 174.
 1 APPPATH/Views/pages/order.php(174): str_pad(null, 4, '0', 0)
 2 SYSTEMPATH/View/View.php(228): include('/opt/lampp/htdocs/ena-me-project/EnterpriseAutomation/app/Views/pages/order.php')
 3 SYSTEMPATH/View/View.php(231): CodeIgniter\View\View->CodeIgniter\View\{closure}()
 4 SYSTEMPATH/Common.php(1178): CodeIgniter\View\View->render('pages/order', [], true)
 5 APPPATH/Controllers/Order.php(31): view('pages/order', [...])
 6 SYSTEMPATH/CodeIgniter.php(941): App\Controllers\Order->index()
 7 SYSTEMPATH/CodeIgniter.php(502): CodeIgniter\CodeIgniter->runController(Object(App\Controllers\Order))
 8 SYSTEMPATH/CodeIgniter.php(361): CodeIgniter\CodeIgniter->handleRequest(null, Object(Config\Cache), false)
 9 FCPATH/index.php(79): CodeIgniter\CodeIgniter->run()
10 SYSTEMPATH/Commands/Server/rewrite.php(47): require_once('/opt/lampp/htdocs/ena-me-project/EnterpriseAutomation/public/index.php')
INFO - 2024-03-14 05:44:29 --> Session: Class initialized using 'CodeIgniter\Session\Handlers\FileHandler' driver.
WARNING - 2024-03-14 05:44:29 --> [DEPRECATED] str_pad(): Passing null to parameter #1 ($string) of type string is deprecated in APPPATH/Views/pages/order.php on line 174.
 1 APPPATH/Views/pages/order.php(174): str_pad(null, 4, '0', 0)
 2 SYSTEMPATH/View/View.php(228): include('/opt/lampp/htdocs/ena-me-project/EnterpriseAutomation/app/Views/pages/order.php')
 3 SYSTEMPATH/View/View.php(231): CodeIgniter\View\View->CodeIgniter\View\{closure}()
 4 SYSTEMPATH/Common.php(1178): CodeIgniter\View\View->render('pages/order', [], true)
 5 APPPATH/Controllers/Order.php(31): view('pages/order', [...])
 6 SYSTEMPATH/CodeIgniter.php(941): App\Controllers\Order->index()
 7 SYSTEMPATH/CodeIgniter.php(502): CodeIgniter\CodeIgniter->runController(Object(App\Controllers\Order))
 8 SYSTEMPATH/CodeIgniter.php(361): CodeIgniter\CodeIgniter->handleRequest(null, Object(Config\Cache), false)
 9 FCPATH/index.php(79): CodeIgniter\CodeIgniter->run()
10 SYSTEMPATH/Commands/Server/rewrite.php(47): require_once('/opt/lampp/htdocs/ena-me-project/EnterpriseAutomation/public/index.php')
INFO - 2024-03-14 05:44:41 --> Session: Class initialized using 'CodeIgniter\Session\Handlers\FileHandler' driver.
INFO - 2024-03-14 05:44:57 --> Session: Class initialized using 'CodeIgniter\Session\Handlers\FileHandler' driver.
INFO - 2024-03-14 05:44:58 --> Session: Class initialized using 'CodeIgniter\Session\Handlers\FileHandler' driver.
INFO - 2024-03-14 05:45:00 --> Session: Class initialized using 'CodeIgniter\Session\Handlers\FileHandler' driver.
INFO - 2024-03-14 05:45:03 --> Session: Class initialized using 'CodeIgniter\Session\Handlers\FileHandler' driver.
INFO - 2024-03-14 05:45:08 --> Session: Class initialized using 'CodeIgniter\Session\Handlers\FileHandler' driver.
INFO - 2024-03-14 05:45:09 --> Session: Class initialized using 'CodeIgniter\Session\Handlers\FileHandler' driver.
INFO - 2024-03-14 06:07:51 --> Session: Class initialized using 'CodeIgniter\Session\Handlers\FileHandler' driver.
INFO - 2024-03-14 06:07:54 --> Session: Class initialized using 'CodeIgniter\Session\Handlers\FileHandler' driver.
WARNING - 2024-03-14 06:07:54 --> [DEPRECATED] str_pad(): Passing null to parameter #1 ($string) of type string is deprecated in APPPATH/Views/pages/order.php on line 174.
 1 APPPATH/Views/pages/order.php(174): str_pad(null, 4, '0', 0)
 2 SYSTEMPATH/View/View.php(228): include('/opt/lampp/htdocs/ena-me-project/EnterpriseAutomation/app/Views/pages/order.php')
 3 SYSTEMPATH/View/View.php(231): CodeIgniter\View\View->CodeIgniter\View\{closure}()
 4 SYSTEMPATH/Common.php(1178): CodeIgniter\View\View->render('pages/order', [], true)
 5 APPPATH/Controllers/Order.php(31): view('pages/order', [...])
 6 SYSTEMPATH/CodeIgniter.php(941): App\Controllers\Order->index()
 7 SYSTEMPATH/CodeIgniter.php(502): CodeIgniter\CodeIgniter->runController(Object(App\Controllers\Order))
 8 SYSTEMPATH/CodeIgniter.php(361): CodeIgniter\CodeIgniter->handleRequest(null, Object(Config\Cache), false)
 9 FCPATH/index.php(79): CodeIgniter\CodeIgniter->run()
10 SYSTEMPATH/Commands/Server/rewrite.php(47): require_once('/opt/lampp/htdocs/ena-me-project/EnterpriseAutomation/public/index.php')
INFO - 2024-03-14 06:27:48 --> Session: Class initialized using 'CodeIgniter\Session\Handlers\FileHandler' driver.
