ERROR - 2024-03-04 05:32:35 --> mysqli_sql_exception: Column 'jml_pesanan' cannot be null in D:\Data Aplikasi\Xampp\htdocs\EnterpriseAutomation\vendor\codeigniter4\framework\system\Database\MySQLi\Connection.php:306
Stack trace:
#0 D:\Data Aplikasi\Xampp\htdocs\EnterpriseAutomation\vendor\codeigniter4\framework\system\Database\MySQLi\Connection.php(306): mysqli->query('INSERT INTO `sp...', 0)
#1 D:\Data Aplikasi\Xampp\htdocs\EnterpriseAutomation\vendor\codeigniter4\framework\system\Database\BaseConnection.php(693): CodeIgniter\Database\MySQLi\Connection->execute('INSERT INTO `sp...')
#2 D:\Data Aplikasi\Xampp\htdocs\EnterpriseAutomation\vendor\codeigniter4\framework\system\Database\BaseConnection.php(607): CodeIgniter\Database\BaseConnection->simpleQuery('INSERT INTO `sp...')
#3 D:\Data Aplikasi\Xampp\htdocs\EnterpriseAutomation\vendor\codeigniter4\framework\system\Database\BaseBuilder.php(2307): CodeIgniter\Database\BaseConnection->query('INSERT INTO `sp...', Array, false)
#4 D:\Data Aplikasi\Xampp\htdocs\EnterpriseAutomation\vendor\codeigniter4\framework\system\Model.php(326): CodeIgniter\Database\BaseBuilder->insert()
#5 D:\Data Aplikasi\Xampp\htdocs\EnterpriseAutomation\vendor\codeigniter4\framework\system\BaseModel.php(802): CodeIgniter\Model->doInsert(Array)
#6 D:\Data Aplikasi\Xampp\htdocs\EnterpriseAutomation\vendor\codeigniter4\framework\system\Model.php(744): CodeIgniter\BaseModel->insert(Array, true)
#7 D:\Data Aplikasi\Xampp\htdocs\EnterpriseAutomation\app\Controllers\Spk.php(40): CodeIgniter\Model->insert(Array)
#8 D:\Data Aplikasi\Xampp\htdocs\EnterpriseAutomation\vendor\codeigniter4\framework\system\CodeIgniter.php(941): App\Controllers\Spk->createSPK()
#9 D:\Data Aplikasi\Xampp\htdocs\EnterpriseAutomation\vendor\codeigniter4\framework\system\CodeIgniter.php(502): CodeIgniter\CodeIgniter->runController(Object(App\Controllers\Spk))
#10 D:\Data Aplikasi\Xampp\htdocs\EnterpriseAutomation\vendor\codeigniter4\framework\system\CodeIgniter.php(361): CodeIgniter\CodeIgniter->handleRequest(NULL, Object(Config\Cache), false)
#11 D:\Data Aplikasi\Xampp\htdocs\EnterpriseAutomation\public\index.php(79): CodeIgniter\CodeIgniter->run()
#12 D:\Data Aplikasi\Xampp\htdocs\EnterpriseAutomation\vendor\codeigniter4\framework\system\Commands\Server\rewrite.php(47): require_once('D:\\Data Aplikas...')
#13 {main}
CRITICAL - 2024-03-04 05:32:35 --> CodeIgniter\Database\Exceptions\DatabaseException: Column 'jml_pesanan' cannot be null
in SYSTEMPATH\Database\BaseConnection.php on line 647.
 1 SYSTEMPATH\Database\BaseBuilder.php(2307): CodeIgniter\Database\BaseConnection->query('INSERT INTO `spk` (`pengorder`, `tgl_selesai`, `tgl_penyerahan`, `nama_produk`, `jml_pesanan`) VALUES (:pengorder:, :tgl_selesai:, :tgl_penyerahan:, :nama_produk:, :jml_pesanan:)', [...], false)
 2 SYSTEMPATH\Model.php(326): CodeIgniter\Database\BaseBuilder->insert()
 3 SYSTEMPATH\BaseModel.php(802): CodeIgniter\Model->doInsert([...])
 4 SYSTEMPATH\Model.php(744): CodeIgniter\BaseModel->insert([...], true)
 5 APPPATH\Controllers\Spk.php(40): CodeIgniter\Model->insert([...])
 6 SYSTEMPATH\CodeIgniter.php(941): App\Controllers\Spk->createSPK()
 7 SYSTEMPATH\CodeIgniter.php(502): CodeIgniter\CodeIgniter->runController(Object(App\Controllers\Spk))
 8 SYSTEMPATH\CodeIgniter.php(361): CodeIgniter\CodeIgniter->handleRequest(null, Object(Config\Cache), false)
 9 FCPATH\index.php(79): CodeIgniter\CodeIgniter->run()
10 SYSTEMPATH\Commands\Server\rewrite.php(47): require_once('D:\\Data Aplikasi\\Xampp\\htdocs\\EnterpriseAutomation\\public\\index.php')
CRITICAL - 2024-03-04 05:32:35 --> [Caused by] CodeIgniter\Database\Exceptions\DatabaseException: Column 'jml_pesanan' cannot be null
in SYSTEMPATH\Database\MySQLi\Connection.php on line 311.
 1 SYSTEMPATH\Database\BaseConnection.php(693): CodeIgniter\Database\MySQLi\Connection->execute('INSERT INTO `spk` (`pengorder`, `tgl_selesai`, `tgl_penyerahan`, `nama_produk`, `jml_pesanan`) VALUES (\'Nimas\', \'2024/03/15\', \'2024/03/04\', \'Bracket Sensor\', NULL)')
 2 SYSTEMPATH\Database\BaseConnection.php(607): CodeIgniter\Database\BaseConnection->simpleQuery('INSERT INTO `spk` (`pengorder`, `tgl_selesai`, `tgl_penyerahan`, `nama_produk`, `jml_pesanan`) VALUES (\'Nimas\', \'2024/03/15\', \'2024/03/04\', \'Bracket Sensor\', NULL)')
 3 SYSTEMPATH\Database\BaseBuilder.php(2307): CodeIgniter\Database\BaseConnection->query('INSERT INTO `spk` (`pengorder`, `tgl_selesai`, `tgl_penyerahan`, `nama_produk`, `jml_pesanan`) VALUES (:pengorder:, :tgl_selesai:, :tgl_penyerahan:, :nama_produk:, :jml_pesanan:)', [...], false)
 4 SYSTEMPATH\Model.php(326): CodeIgniter\Database\BaseBuilder->insert()
 5 SYSTEMPATH\BaseModel.php(802): CodeIgniter\Model->doInsert([...])
 6 SYSTEMPATH\Model.php(744): CodeIgniter\BaseModel->insert([...], true)
 7 APPPATH\Controllers\Spk.php(40): CodeIgniter\Model->insert([...])
 8 SYSTEMPATH\CodeIgniter.php(941): App\Controllers\Spk->createSPK()
 9 SYSTEMPATH\CodeIgniter.php(502): CodeIgniter\CodeIgniter->runController(Object(App\Controllers\Spk))
10 SYSTEMPATH\CodeIgniter.php(361): CodeIgniter\CodeIgniter->handleRequest(null, Object(Config\Cache), false)
11 FCPATH\index.php(79): CodeIgniter\CodeIgniter->run()
12 SYSTEMPATH\Commands\Server\rewrite.php(47): require_once('D:\\Data Aplikasi\\Xampp\\htdocs\\EnterpriseAutomation\\public\\index.php')
CRITICAL - 2024-03-04 05:32:35 --> [Caused by] mysqli_sql_exception: Column 'jml_pesanan' cannot be null
in SYSTEMPATH\Database\MySQLi\Connection.php on line 306.
 1 SYSTEMPATH\Database\MySQLi\Connection.php(306): mysqli->query('INSERT INTO `spk` (`pengorder`, `tgl_selesai`, `tgl_penyerahan`, `nama_produk`, `jml_pesanan`) VALUES (\'Nimas\', \'2024/03/15\', \'2024/03/04\', \'Bracket Sensor\', NULL)', 0)
 2 SYSTEMPATH\Database\BaseConnection.php(693): CodeIgniter\Database\MySQLi\Connection->execute('INSERT INTO `spk` (`pengorder`, `tgl_selesai`, `tgl_penyerahan`, `nama_produk`, `jml_pesanan`) VALUES (\'Nimas\', \'2024/03/15\', \'2024/03/04\', \'Bracket Sensor\', NULL)')
 3 SYSTEMPATH\Database\BaseConnection.php(607): CodeIgniter\Database\BaseConnection->simpleQuery('INSERT INTO `spk` (`pengorder`, `tgl_selesai`, `tgl_penyerahan`, `nama_produk`, `jml_pesanan`) VALUES (\'Nimas\', \'2024/03/15\', \'2024/03/04\', \'Bracket Sensor\', NULL)')
 4 SYSTEMPATH\Database\BaseBuilder.php(2307): CodeIgniter\Database\BaseConnection->query('INSERT INTO `spk` (`pengorder`, `tgl_selesai`, `tgl_penyerahan`, `nama_produk`, `jml_pesanan`) VALUES (:pengorder:, :tgl_selesai:, :tgl_penyerahan:, :nama_produk:, :jml_pesanan:)', [...], false)
 5 SYSTEMPATH\Model.php(326): CodeIgniter\Database\BaseBuilder->insert()
 6 SYSTEMPATH\BaseModel.php(802): CodeIgniter\Model->doInsert([...])
 7 SYSTEMPATH\Model.php(744): CodeIgniter\BaseModel->insert([...], true)
 8 APPPATH\Controllers\Spk.php(40): CodeIgniter\Model->insert([...])
 9 SYSTEMPATH\CodeIgniter.php(941): App\Controllers\Spk->createSPK()
10 SYSTEMPATH\CodeIgniter.php(502): CodeIgniter\CodeIgniter->runController(Object(App\Controllers\Spk))
11 SYSTEMPATH\CodeIgniter.php(361): CodeIgniter\CodeIgniter->handleRequest(null, Object(Config\Cache), false)
12 FCPATH\index.php(79): CodeIgniter\CodeIgniter->run()
13 SYSTEMPATH\Commands\Server\rewrite.php(47): require_once('D:\\Data Aplikasi\\Xampp\\htdocs\\EnterpriseAutomation\\public\\index.php')
ERROR - 2024-03-04 05:33:05 --> mysqli_sql_exception: Column 'jml_pesanan' cannot be null in D:\Data Aplikasi\Xampp\htdocs\EnterpriseAutomation\vendor\codeigniter4\framework\system\Database\MySQLi\Connection.php:306
Stack trace:
#0 D:\Data Aplikasi\Xampp\htdocs\EnterpriseAutomation\vendor\codeigniter4\framework\system\Database\MySQLi\Connection.php(306): mysqli->query('INSERT INTO `sp...', 0)
#1 D:\Data Aplikasi\Xampp\htdocs\EnterpriseAutomation\vendor\codeigniter4\framework\system\Database\BaseConnection.php(693): CodeIgniter\Database\MySQLi\Connection->execute('INSERT INTO `sp...')
#2 D:\Data Aplikasi\Xampp\htdocs\EnterpriseAutomation\vendor\codeigniter4\framework\system\Database\BaseConnection.php(607): CodeIgniter\Database\BaseConnection->simpleQuery('INSERT INTO `sp...')
#3 D:\Data Aplikasi\Xampp\htdocs\EnterpriseAutomation\vendor\codeigniter4\framework\system\Database\BaseBuilder.php(2307): CodeIgniter\Database\BaseConnection->query('INSERT INTO `sp...', Array, false)
#4 D:\Data Aplikasi\Xampp\htdocs\EnterpriseAutomation\vendor\codeigniter4\framework\system\Model.php(326): CodeIgniter\Database\BaseBuilder->insert()
#5 D:\Data Aplikasi\Xampp\htdocs\EnterpriseAutomation\vendor\codeigniter4\framework\system\BaseModel.php(802): CodeIgniter\Model->doInsert(Array)
#6 D:\Data Aplikasi\Xampp\htdocs\EnterpriseAutomation\vendor\codeigniter4\framework\system\Model.php(744): CodeIgniter\BaseModel->insert(Array, true)
#7 D:\Data Aplikasi\Xampp\htdocs\EnterpriseAutomation\app\Controllers\Spk.php(40): CodeIgniter\Model->insert(Array)
#8 D:\Data Aplikasi\Xampp\htdocs\EnterpriseAutomation\vendor\codeigniter4\framework\system\CodeIgniter.php(941): App\Controllers\Spk->createSPK()
#9 D:\Data Aplikasi\Xampp\htdocs\EnterpriseAutomation\vendor\codeigniter4\framework\system\CodeIgniter.php(502): CodeIgniter\CodeIgniter->runController(Object(App\Controllers\Spk))
#10 D:\Data Aplikasi\Xampp\htdocs\EnterpriseAutomation\vendor\codeigniter4\framework\system\CodeIgniter.php(361): CodeIgniter\CodeIgniter->handleRequest(NULL, Object(Config\Cache), false)
#11 D:\Data Aplikasi\Xampp\htdocs\EnterpriseAutomation\public\index.php(79): CodeIgniter\CodeIgniter->run()
#12 D:\Data Aplikasi\Xampp\htdocs\EnterpriseAutomation\vendor\codeigniter4\framework\system\Commands\Server\rewrite.php(47): require_once('D:\\Data Aplikas...')
#13 {main}
CRITICAL - 2024-03-04 05:33:05 --> CodeIgniter\Database\Exceptions\DatabaseException: Column 'jml_pesanan' cannot be null
in SYSTEMPATH\Database\BaseConnection.php on line 647.
 1 SYSTEMPATH\Database\BaseBuilder.php(2307): CodeIgniter\Database\BaseConnection->query('INSERT INTO `spk` (`pengorder`, `tgl_selesai`, `tgl_penyerahan`, `nama_produk`, `jml_pesanan`) VALUES (:pengorder:, :tgl_selesai:, :tgl_penyerahan:, :nama_produk:, :jml_pesanan:)', [...], false)
 2 SYSTEMPATH\Model.php(326): CodeIgniter\Database\BaseBuilder->insert()
 3 SYSTEMPATH\BaseModel.php(802): CodeIgniter\Model->doInsert([...])
 4 SYSTEMPATH\Model.php(744): CodeIgniter\BaseModel->insert([...], true)
 5 APPPATH\Controllers\Spk.php(40): CodeIgniter\Model->insert([...])
 6 SYSTEMPATH\CodeIgniter.php(941): App\Controllers\Spk->createSPK()
 7 SYSTEMPATH\CodeIgniter.php(502): CodeIgniter\CodeIgniter->runController(Object(App\Controllers\Spk))
 8 SYSTEMPATH\CodeIgniter.php(361): CodeIgniter\CodeIgniter->handleRequest(null, Object(Config\Cache), false)
 9 FCPATH\index.php(79): CodeIgniter\CodeIgniter->run()
10 SYSTEMPATH\Commands\Server\rewrite.php(47): require_once('D:\\Data Aplikasi\\Xampp\\htdocs\\EnterpriseAutomation\\public\\index.php')
CRITICAL - 2024-03-04 05:33:05 --> [Caused by] CodeIgniter\Database\Exceptions\DatabaseException: Column 'jml_pesanan' cannot be null
in SYSTEMPATH\Database\MySQLi\Connection.php on line 311.
 1 SYSTEMPATH\Database\BaseConnection.php(693): CodeIgniter\Database\MySQLi\Connection->execute('INSERT INTO `spk` (`pengorder`, `tgl_selesai`, `tgl_penyerahan`, `nama_produk`, `jml_pesanan`) VALUES (\'Nimas\', \'2024/03/15\', \'2024/03/04\', \'Bracket Sensor\', NULL)')
 2 SYSTEMPATH\Database\BaseConnection.php(607): CodeIgniter\Database\BaseConnection->simpleQuery('INSERT INTO `spk` (`pengorder`, `tgl_selesai`, `tgl_penyerahan`, `nama_produk`, `jml_pesanan`) VALUES (\'Nimas\', \'2024/03/15\', \'2024/03/04\', \'Bracket Sensor\', NULL)')
 3 SYSTEMPATH\Database\BaseBuilder.php(2307): CodeIgniter\Database\BaseConnection->query('INSERT INTO `spk` (`pengorder`, `tgl_selesai`, `tgl_penyerahan`, `nama_produk`, `jml_pesanan`) VALUES (:pengorder:, :tgl_selesai:, :tgl_penyerahan:, :nama_produk:, :jml_pesanan:)', [...], false)
 4 SYSTEMPATH\Model.php(326): CodeIgniter\Database\BaseBuilder->insert()
 5 SYSTEMPATH\BaseModel.php(802): CodeIgniter\Model->doInsert([...])
 6 SYSTEMPATH\Model.php(744): CodeIgniter\BaseModel->insert([...], true)
 7 APPPATH\Controllers\Spk.php(40): CodeIgniter\Model->insert([...])
 8 SYSTEMPATH\CodeIgniter.php(941): App\Controllers\Spk->createSPK()
 9 SYSTEMPATH\CodeIgniter.php(502): CodeIgniter\CodeIgniter->runController(Object(App\Controllers\Spk))
10 SYSTEMPATH\CodeIgniter.php(361): CodeIgniter\CodeIgniter->handleRequest(null, Object(Config\Cache), false)
11 FCPATH\index.php(79): CodeIgniter\CodeIgniter->run()
12 SYSTEMPATH\Commands\Server\rewrite.php(47): require_once('D:\\Data Aplikasi\\Xampp\\htdocs\\EnterpriseAutomation\\public\\index.php')
CRITICAL - 2024-03-04 05:33:05 --> [Caused by] mysqli_sql_exception: Column 'jml_pesanan' cannot be null
in SYSTEMPATH\Database\MySQLi\Connection.php on line 306.
 1 SYSTEMPATH\Database\MySQLi\Connection.php(306): mysqli->query('INSERT INTO `spk` (`pengorder`, `tgl_selesai`, `tgl_penyerahan`, `nama_produk`, `jml_pesanan`) VALUES (\'Nimas\', \'2024/03/15\', \'2024/03/04\', \'Bracket Sensor\', NULL)', 0)
 2 SYSTEMPATH\Database\BaseConnection.php(693): CodeIgniter\Database\MySQLi\Connection->execute('INSERT INTO `spk` (`pengorder`, `tgl_selesai`, `tgl_penyerahan`, `nama_produk`, `jml_pesanan`) VALUES (\'Nimas\', \'2024/03/15\', \'2024/03/04\', \'Bracket Sensor\', NULL)')
 3 SYSTEMPATH\Database\BaseConnection.php(607): CodeIgniter\Database\BaseConnection->simpleQuery('INSERT INTO `spk` (`pengorder`, `tgl_selesai`, `tgl_penyerahan`, `nama_produk`, `jml_pesanan`) VALUES (\'Nimas\', \'2024/03/15\', \'2024/03/04\', \'Bracket Sensor\', NULL)')
 4 SYSTEMPATH\Database\BaseBuilder.php(2307): CodeIgniter\Database\BaseConnection->query('INSERT INTO `spk` (`pengorder`, `tgl_selesai`, `tgl_penyerahan`, `nama_produk`, `jml_pesanan`) VALUES (:pengorder:, :tgl_selesai:, :tgl_penyerahan:, :nama_produk:, :jml_pesanan:)', [...], false)
 5 SYSTEMPATH\Model.php(326): CodeIgniter\Database\BaseBuilder->insert()
 6 SYSTEMPATH\BaseModel.php(802): CodeIgniter\Model->doInsert([...])
 7 SYSTEMPATH\Model.php(744): CodeIgniter\BaseModel->insert([...], true)
 8 APPPATH\Controllers\Spk.php(40): CodeIgniter\Model->insert([...])
 9 SYSTEMPATH\CodeIgniter.php(941): App\Controllers\Spk->createSPK()
10 SYSTEMPATH\CodeIgniter.php(502): CodeIgniter\CodeIgniter->runController(Object(App\Controllers\Spk))
11 SYSTEMPATH\CodeIgniter.php(361): CodeIgniter\CodeIgniter->handleRequest(null, Object(Config\Cache), false)
12 FCPATH\index.php(79): CodeIgniter\CodeIgniter->run()
13 SYSTEMPATH\Commands\Server\rewrite.php(47): require_once('D:\\Data Aplikasi\\Xampp\\htdocs\\EnterpriseAutomation\\public\\index.php')
CRITICAL - 2024-03-04 05:33:18 --> ErrorException: Undefined variable $title
in APPPATH\Views\pages\spk.php on line 3.
 1 APPPATH\Views\pages\spk.php(3): CodeIgniter\Debug\Exceptions->errorHandler(2, 'Undefined variable $title', 'D:\\Data Aplikasi\\Xampp\\htdocs\\EnterpriseAutomation\\app\\Views\\pages\\spk.php', 3)
 2 SYSTEMPATH\View\View.php(228): include('D:\\Data Aplikasi\\Xampp\\htdocs\\EnterpriseAutomation\\app\\Views\\pages\\spk.php')
 3 SYSTEMPATH\View\View.php(231): CodeIgniter\View\View->CodeIgniter\View\{closure}()
 4 SYSTEMPATH\Common.php(1178): CodeIgniter\View\View->render('/pages/spk', [], true)
 5 APPPATH\Controllers\Spk.php(48): view('/pages/spk')
 6 SYSTEMPATH\CodeIgniter.php(941): App\Controllers\Spk->createSPK()
 7 SYSTEMPATH\CodeIgniter.php(502): CodeIgniter\CodeIgniter->runController(Object(App\Controllers\Spk))
 8 SYSTEMPATH\CodeIgniter.php(361): CodeIgniter\CodeIgniter->handleRequest(null, Object(Config\Cache), false)
 9 FCPATH\index.php(79): CodeIgniter\CodeIgniter->run()
10 SYSTEMPATH\Commands\Server\rewrite.php(47): require_once('D:\\Data Aplikasi\\Xampp\\htdocs\\EnterpriseAutomation\\public\\index.php')
CRITICAL - 2024-03-04 05:34:51 --> CodeIgniter\HTTP\Exceptions\HTTPException: The route for "/pages/spk" cannot be found.
in SYSTEMPATH\HTTP\RedirectResponse.php on line 62.
 1 SYSTEMPATH\HTTP\RedirectResponse.php(62): CodeIgniter\HTTP\Exceptions\HTTPException::forInvalidRedirectRoute('/pages/spk')
 2 SYSTEMPATH\Common.php(864): CodeIgniter\HTTP\RedirectResponse->route(false)
 3 APPPATH\Controllers\Spk.php(48): redirect('/pages/spk')
 4 SYSTEMPATH\CodeIgniter.php(941): App\Controllers\Spk->createSPK()
 5 SYSTEMPATH\CodeIgniter.php(502): CodeIgniter\CodeIgniter->runController(Object(App\Controllers\Spk))
 6 SYSTEMPATH\CodeIgniter.php(361): CodeIgniter\CodeIgniter->handleRequest(null, Object(Config\Cache), false)
 7 FCPATH\index.php(79): CodeIgniter\CodeIgniter->run()
 8 SYSTEMPATH\Commands\Server\rewrite.php(47): require_once('D:\\Data Aplikasi\\Xampp\\htdocs\\EnterpriseAutomation\\public\\index.php')
CRITICAL - 2024-03-04 05:38:52 --> CodeIgniter\HTTP\Exceptions\HTTPException: The route for "/Spk" cannot be found.
in SYSTEMPATH\HTTP\RedirectResponse.php on line 62.
 1 SYSTEMPATH\HTTP\RedirectResponse.php(62): CodeIgniter\HTTP\Exceptions\HTTPException::forInvalidRedirectRoute('/Spk')
 2 SYSTEMPATH\Common.php(864): CodeIgniter\HTTP\RedirectResponse->route(false)
 3 APPPATH\Controllers\Spk.php(48): redirect('/Spk')
 4 SYSTEMPATH\CodeIgniter.php(941): App\Controllers\Spk->createSPK()
 5 SYSTEMPATH\CodeIgniter.php(502): CodeIgniter\CodeIgniter->runController(Object(App\Controllers\Spk))
 6 SYSTEMPATH\CodeIgniter.php(361): CodeIgniter\CodeIgniter->handleRequest(null, Object(Config\Cache), false)
 7 FCPATH\index.php(79): CodeIgniter\CodeIgniter->run()
 8 SYSTEMPATH\Commands\Server\rewrite.php(47): require_once('D:\\Data Aplikasi\\Xampp\\htdocs\\EnterpriseAutomation\\public\\index.php')
CRITICAL - 2024-03-04 05:39:46 --> CodeIgniter\HTTP\Exceptions\HTTPException: The route for "/Spk/" cannot be found.
in SYSTEMPATH\HTTP\RedirectResponse.php on line 62.
 1 SYSTEMPATH\HTTP\RedirectResponse.php(62): CodeIgniter\HTTP\Exceptions\HTTPException::forInvalidRedirectRoute('/Spk/')
 2 SYSTEMPATH\Common.php(864): CodeIgniter\HTTP\RedirectResponse->route(false)
 3 APPPATH\Controllers\Spk.php(48): redirect('/Spk/')
 4 SYSTEMPATH\CodeIgniter.php(941): App\Controllers\Spk->createSPK()
 5 SYSTEMPATH\CodeIgniter.php(502): CodeIgniter\CodeIgniter->runController(Object(App\Controllers\Spk))
 6 SYSTEMPATH\CodeIgniter.php(361): CodeIgniter\CodeIgniter->handleRequest(null, Object(Config\Cache), false)
 7 FCPATH\index.php(79): CodeIgniter\CodeIgniter->run()
 8 SYSTEMPATH\Commands\Server\rewrite.php(47): require_once('D:\\Data Aplikasi\\Xampp\\htdocs\\EnterpriseAutomation\\public\\index.php')
CRITICAL - 2024-03-04 05:41:00 --> CodeIgniter\HTTP\Exceptions\HTTPException: The route for "/BackToSpk" cannot be found.
in SYSTEMPATH\HTTP\RedirectResponse.php on line 62.
 1 SYSTEMPATH\HTTP\RedirectResponse.php(62): CodeIgniter\HTTP\Exceptions\HTTPException::forInvalidRedirectRoute('/BackToSpk')
 2 SYSTEMPATH\Common.php(864): CodeIgniter\HTTP\RedirectResponse->route(false)
 3 APPPATH\Controllers\Spk.php(48): redirect('/BackToSpk')
 4 SYSTEMPATH\CodeIgniter.php(941): App\Controllers\Spk->createSPK()
 5 SYSTEMPATH\CodeIgniter.php(502): CodeIgniter\CodeIgniter->runController(Object(App\Controllers\Spk))
 6 SYSTEMPATH\CodeIgniter.php(361): CodeIgniter\CodeIgniter->handleRequest(null, Object(Config\Cache), false)
 7 FCPATH\index.php(79): CodeIgniter\CodeIgniter->run()
 8 SYSTEMPATH\Commands\Server\rewrite.php(47): require_once('D:\\Data Aplikasi\\Xampp\\htdocs\\EnterpriseAutomation\\public\\index.php')
CRITICAL - 2024-03-04 05:43:28 --> CodeIgniter\HTTP\Exceptions\HTTPException: The route for "/BackToSpk" cannot be found.
in SYSTEMPATH\HTTP\RedirectResponse.php on line 62.
 1 SYSTEMPATH\HTTP\RedirectResponse.php(62): CodeIgniter\HTTP\Exceptions\HTTPException::forInvalidRedirectRoute('/BackToSpk')
 2 SYSTEMPATH\Common.php(864): CodeIgniter\HTTP\RedirectResponse->route(false)
 3 APPPATH\Controllers\Spk.php(48): redirect('/BackToSpk')
 4 SYSTEMPATH\CodeIgniter.php(941): App\Controllers\Spk->createSPK()
 5 SYSTEMPATH\CodeIgniter.php(502): CodeIgniter\CodeIgniter->runController(Object(App\Controllers\Spk))
 6 SYSTEMPATH\CodeIgniter.php(361): CodeIgniter\CodeIgniter->handleRequest(null, Object(Config\Cache), false)
 7 FCPATH\index.php(79): CodeIgniter\CodeIgniter->run()
 8 SYSTEMPATH\Commands\Server\rewrite.php(47): require_once('D:\\Data Aplikasi\\Xampp\\htdocs\\EnterpriseAutomation\\public\\index.php')
CRITICAL - 2024-03-04 05:45:16 --> CodeIgniter\HTTP\Exceptions\HTTPException: The route for "BackToSpk" cannot be found.
in SYSTEMPATH\HTTP\RedirectResponse.php on line 62.
 1 SYSTEMPATH\HTTP\RedirectResponse.php(62): CodeIgniter\HTTP\Exceptions\HTTPException::forInvalidRedirectRoute('BackToSpk')
 2 SYSTEMPATH\Common.php(864): CodeIgniter\HTTP\RedirectResponse->route(false)
 3 APPPATH\Controllers\Spk.php(48): redirect('BackToSpk')
 4 SYSTEMPATH\CodeIgniter.php(941): App\Controllers\Spk->createSPK()
 5 SYSTEMPATH\CodeIgniter.php(502): CodeIgniter\CodeIgniter->runController(Object(App\Controllers\Spk))
 6 SYSTEMPATH\CodeIgniter.php(361): CodeIgniter\CodeIgniter->handleRequest(null, Object(Config\Cache), false)
 7 FCPATH\index.php(79): CodeIgniter\CodeIgniter->run()
 8 SYSTEMPATH\Commands\Server\rewrite.php(47): require_once('D:\\Data Aplikasi\\Xampp\\htdocs\\EnterpriseAutomation\\public\\index.php')
CRITICAL - 2024-03-04 05:48:53 --> CodeIgniter\View\Exceptions\ViewException: Invalid file: "/.php"
in SYSTEMPATH\Exceptions\FrameworkException.php on line 39.
 1 SYSTEMPATH\View\View.php(216): CodeIgniter\Exceptions\FrameworkException::forInvalidFile('/.php')
 2 SYSTEMPATH\Common.php(1178): CodeIgniter\View\View->render('/', [], true)
 3 APPPATH\Controllers\Spk.php(48): view('/')
 4 SYSTEMPATH\CodeIgniter.php(941): App\Controllers\Spk->createSPK()
 5 SYSTEMPATH\CodeIgniter.php(502): CodeIgniter\CodeIgniter->runController(Object(App\Controllers\Spk))
 6 SYSTEMPATH\CodeIgniter.php(361): CodeIgniter\CodeIgniter->handleRequest(null, Object(Config\Cache), false)
 7 FCPATH\index.php(79): CodeIgniter\CodeIgniter->run()
 8 SYSTEMPATH\Commands\Server\rewrite.php(47): require_once('D:\\Data Aplikasi\\Xampp\\htdocs\\EnterpriseAutomation\\public\\index.php')
CRITICAL - 2024-03-04 05:49:28 --> ErrorException: Undefined variable $title
in APPPATH\Views\pages\spk.php on line 3.
 1 APPPATH\Views\pages\spk.php(3): CodeIgniter\Debug\Exceptions->errorHandler(2, 'Undefined variable $title', 'D:\\Data Aplikasi\\Xampp\\htdocs\\EnterpriseAutomation\\app\\Views\\pages\\spk.php', 3)
 2 SYSTEMPATH\View\View.php(228): include('D:\\Data Aplikasi\\Xampp\\htdocs\\EnterpriseAutomation\\app\\Views\\pages\\spk.php')
 3 SYSTEMPATH\View\View.php(231): CodeIgniter\View\View->CodeIgniter\View\{closure}()
 4 SYSTEMPATH\Common.php(1178): CodeIgniter\View\View->render('/pages/spk', [], true)
 5 APPPATH\Controllers\Spk.php(48): view('/pages/spk')
 6 SYSTEMPATH\CodeIgniter.php(941): App\Controllers\Spk->createSPK()
 7 SYSTEMPATH\CodeIgniter.php(502): CodeIgniter\CodeIgniter->runController(Object(App\Controllers\Spk))
 8 SYSTEMPATH\CodeIgniter.php(361): CodeIgniter\CodeIgniter->handleRequest(null, Object(Config\Cache), false)
 9 FCPATH\index.php(79): CodeIgniter\CodeIgniter->run()
10 SYSTEMPATH\Commands\Server\rewrite.php(47): require_once('D:\\Data Aplikasi\\Xampp\\htdocs\\EnterpriseAutomation\\public\\index.php')
CRITICAL - 2024-03-04 06:31:41 --> CodeIgniter\HTTP\Exceptions\HTTPException: The route for "" cannot be found.
in SYSTEMPATH\HTTP\RedirectResponse.php on line 62.
 1 SYSTEMPATH\HTTP\RedirectResponse.php(62): CodeIgniter\HTTP\Exceptions\HTTPException::forInvalidRedirectRoute('')
 2 SYSTEMPATH\Common.php(864): CodeIgniter\HTTP\RedirectResponse->route(false)
 3 APPPATH\Controllers\Spk.php(50): redirect('', [...])
 4 SYSTEMPATH\CodeIgniter.php(941): App\Controllers\Spk->createSPK()
 5 SYSTEMPATH\CodeIgniter.php(502): CodeIgniter\CodeIgniter->runController(Object(App\Controllers\Spk))
 6 SYSTEMPATH\CodeIgniter.php(361): CodeIgniter\CodeIgniter->handleRequest(null, Object(Config\Cache), false)
 7 FCPATH\index.php(79): CodeIgniter\CodeIgniter->run()
 8 SYSTEMPATH\Commands\Server\rewrite.php(47): require_once('D:\\Data Aplikasi\\Xampp\\htdocs\\EnterpriseAutomation\\public\\index.php')
CRITICAL - 2024-03-04 06:31:59 --> CodeIgniter\View\Exceptions\ViewException: Invalid file: ".php"
in SYSTEMPATH\Exceptions\FrameworkException.php on line 39.
 1 SYSTEMPATH\View\View.php(216): CodeIgniter\Exceptions\FrameworkException::forInvalidFile('.php')
 2 SYSTEMPATH\Common.php(1178): CodeIgniter\View\View->render('', [], true)
 3 APPPATH\Controllers\Spk.php(50): view('', [...])
 4 SYSTEMPATH\CodeIgniter.php(941): App\Controllers\Spk->createSPK()
 5 SYSTEMPATH\CodeIgniter.php(502): CodeIgniter\CodeIgniter->runController(Object(App\Controllers\Spk))
 6 SYSTEMPATH\CodeIgniter.php(361): CodeIgniter\CodeIgniter->handleRequest(null, Object(Config\Cache), false)
 7 FCPATH\index.php(79): CodeIgniter\CodeIgniter->run()
 8 SYSTEMPATH\Commands\Server\rewrite.php(47): require_once('D:\\Data Aplikasi\\Xampp\\htdocs\\EnterpriseAutomation\\public\\index.php')
CRITICAL - 2024-03-04 06:43:28 --> CodeIgniter\HTTP\Exceptions\HTTPException: The route for "/Spk::index" cannot be found.
in SYSTEMPATH\HTTP\RedirectResponse.php on line 62.
 1 SYSTEMPATH\HTTP\RedirectResponse.php(62): CodeIgniter\HTTP\Exceptions\HTTPException::forInvalidRedirectRoute('/Spk::index')
 2 APPPATH\Controllers\Spk.php(47): CodeIgniter\HTTP\RedirectResponse->route(false)
 3 SYSTEMPATH\CodeIgniter.php(941): App\Controllers\Spk->createSPK()
 4 SYSTEMPATH\CodeIgniter.php(502): CodeIgniter\CodeIgniter->runController(Object(App\Controllers\Spk))
 5 SYSTEMPATH\CodeIgniter.php(361): CodeIgniter\CodeIgniter->handleRequest(null, Object(Config\Cache), false)
 6 FCPATH\index.php(79): CodeIgniter\CodeIgniter->run()
 7 SYSTEMPATH\Commands\Server\rewrite.php(47): require_once('D:\\Data Aplikasi\\Xampp\\htdocs\\EnterpriseAutomation\\public\\index.php')
CRITICAL - 2024-03-04 06:44:54 --> CodeIgniter\HTTP\Exceptions\HTTPException: The route for "/Spk" cannot be found.
in SYSTEMPATH\HTTP\RedirectResponse.php on line 62.
 1 SYSTEMPATH\HTTP\RedirectResponse.php(62): CodeIgniter\HTTP\Exceptions\HTTPException::forInvalidRedirectRoute('/Spk')
 2 APPPATH\Controllers\Spk.php(47): CodeIgniter\HTTP\RedirectResponse->route(false)
 3 SYSTEMPATH\CodeIgniter.php(941): App\Controllers\Spk->createSPK()
 4 SYSTEMPATH\CodeIgniter.php(502): CodeIgniter\CodeIgniter->runController(Object(App\Controllers\Spk))
 5 SYSTEMPATH\CodeIgniter.php(361): CodeIgniter\CodeIgniter->handleRequest(null, Object(Config\Cache), false)
 6 FCPATH\index.php(79): CodeIgniter\CodeIgniter->run()
 7 SYSTEMPATH\Commands\Server\rewrite.php(47): require_once('D:\\Data Aplikasi\\Xampp\\htdocs\\EnterpriseAutomation\\public\\index.php')
CRITICAL - 2024-03-04 06:45:30 --> CodeIgniter\HTTP\Exceptions\HTTPException: The route for "/Spk::index" cannot be found.
in SYSTEMPATH\HTTP\RedirectResponse.php on line 62.
 1 SYSTEMPATH\HTTP\RedirectResponse.php(62): CodeIgniter\HTTP\Exceptions\HTTPException::forInvalidRedirectRoute('/Spk::index')
 2 APPPATH\Controllers\Spk.php(47): CodeIgniter\HTTP\RedirectResponse->route(false)
 3 SYSTEMPATH\CodeIgniter.php(941): App\Controllers\Spk->createSPK()
 4 SYSTEMPATH\CodeIgniter.php(502): CodeIgniter\CodeIgniter->runController(Object(App\Controllers\Spk))
 5 SYSTEMPATH\CodeIgniter.php(361): CodeIgniter\CodeIgniter->handleRequest(null, Object(Config\Cache), false)
 6 FCPATH\index.php(79): CodeIgniter\CodeIgniter->run()
 7 SYSTEMPATH\Commands\Server\rewrite.php(47): require_once('D:\\Data Aplikasi\\Xampp\\htdocs\\EnterpriseAutomation\\public\\index.php')
CRITICAL - 2024-03-04 06:45:49 --> CodeIgniter\HTTP\Exceptions\HTTPException: The route for "Spk::index" cannot be found.
in SYSTEMPATH\HTTP\RedirectResponse.php on line 62.
 1 SYSTEMPATH\HTTP\RedirectResponse.php(62): CodeIgniter\HTTP\Exceptions\HTTPException::forInvalidRedirectRoute('Spk::index')
 2 APPPATH\Controllers\Spk.php(47): CodeIgniter\HTTP\RedirectResponse->route(false)
 3 SYSTEMPATH\CodeIgniter.php(941): App\Controllers\Spk->createSPK()
 4 SYSTEMPATH\CodeIgniter.php(502): CodeIgniter\CodeIgniter->runController(Object(App\Controllers\Spk))
 5 SYSTEMPATH\CodeIgniter.php(361): CodeIgniter\CodeIgniter->handleRequest(null, Object(Config\Cache), false)
 6 FCPATH\index.php(79): CodeIgniter\CodeIgniter->run()
 7 SYSTEMPATH\Commands\Server\rewrite.php(47): require_once('D:\\Data Aplikasi\\Xampp\\htdocs\\EnterpriseAutomation\\public\\index.php')
CRITICAL - 2024-03-04 06:49:24 --> CodeIgniter\HTTP\Exceptions\HTTPException: The route for "http://localhost:8080/index.php/Spk" cannot be found.
in SYSTEMPATH\HTTP\RedirectResponse.php on line 62.
 1 SYSTEMPATH\HTTP\RedirectResponse.php(62): CodeIgniter\HTTP\Exceptions\HTTPException::forInvalidRedirectRoute('http://localhost:8080/index.php/Spk')
 2 SYSTEMPATH\Common.php(864): CodeIgniter\HTTP\RedirectResponse->route(false)
 3 APPPATH\Controllers\Spk.php(47): redirect('http://localhost:8080/index.php/Spk')
 4 SYSTEMPATH\CodeIgniter.php(941): App\Controllers\Spk->createSPK()
 5 SYSTEMPATH\CodeIgniter.php(502): CodeIgniter\CodeIgniter->runController(Object(App\Controllers\Spk))
 6 SYSTEMPATH\CodeIgniter.php(361): CodeIgniter\CodeIgniter->handleRequest(null, Object(Config\Cache), false)
 7 FCPATH\index.php(79): CodeIgniter\CodeIgniter->run()
 8 SYSTEMPATH\Commands\Server\rewrite.php(47): require_once('D:\\Data Aplikasi\\Xampp\\htdocs\\EnterpriseAutomation\\public\\index.php')
CRITICAL - 2024-03-04 20:14:04 --> CodeIgniter\HTTP\Exceptions\HTTPException: The route for "Spk" cannot be found.
in SYSTEMPATH\HTTP\RedirectResponse.php on line 62.
 1 SYSTEMPATH\HTTP\RedirectResponse.php(62): CodeIgniter\HTTP\Exceptions\HTTPException::forInvalidRedirectRoute('Spk')
 2 SYSTEMPATH\Common.php(864): CodeIgniter\HTTP\RedirectResponse->route(false)
 3 APPPATH\Controllers\Spk.php(47): redirect('Spk')
 4 SYSTEMPATH\CodeIgniter.php(941): App\Controllers\Spk->createSPK()
 5 SYSTEMPATH\CodeIgniter.php(502): CodeIgniter\CodeIgniter->runController(Object(App\Controllers\Spk))
 6 SYSTEMPATH\CodeIgniter.php(361): CodeIgniter\CodeIgniter->handleRequest(null, Object(Config\Cache), false)
 7 FCPATH\index.php(79): CodeIgniter\CodeIgniter->run()
 8 SYSTEMPATH\Commands\Server\rewrite.php(47): require_once('D:\\Data Aplikasi\\Xampp\\htdocs\\EnterpriseAutomation\\public\\index.php')
INFO - 2024-03-04 20:19:44 --> Session: Class initialized using 'CodeIgniter\Session\Handlers\FileHandler' driver.
INFO - 2024-03-04 20:35:44 --> Session: Class initialized using 'CodeIgniter\Session\Handlers\FileHandler' driver.
CRITICAL - 2024-03-04 20:46:50 --> ErrorException: Undefined property: CodeIgniter\View\View::$session
in APPPATH\Views\pages\spk.php on line 157.
 1 APPPATH\Views\pages\spk.php(157): CodeIgniter\Debug\Exceptions->errorHandler(2, 'Undefined property: CodeIgniter\\View\\View::$session', 'D:\\Data Aplikasi\\Xampp\\htdocs\\EnterpriseAutomation\\app\\Views\\pages\\spk.php', 157)
 2 SYSTEMPATH\View\View.php(228): include('D:\\Data Aplikasi\\Xampp\\htdocs\\EnterpriseAutomation\\app\\Views\\pages\\spk.php')
 3 SYSTEMPATH\View\View.php(231): CodeIgniter\View\View->CodeIgniter\View\{closure}()
 4 SYSTEMPATH\Common.php(1178): CodeIgniter\View\View->render('/pages/spk', [], true)
 5 APPPATH\Controllers\Spk.php(24): view('/pages/spk', [...])
 6 SYSTEMPATH\CodeIgniter.php(941): App\Controllers\Spk->index()
 7 SYSTEMPATH\CodeIgniter.php(502): CodeIgniter\CodeIgniter->runController(Object(App\Controllers\Spk))
 8 SYSTEMPATH\CodeIgniter.php(361): CodeIgniter\CodeIgniter->handleRequest(null, Object(Config\Cache), false)
 9 FCPATH\index.php(79): CodeIgniter\CodeIgniter->run()
10 SYSTEMPATH\Commands\Server\rewrite.php(47): require_once('D:\\Data Aplikasi\\Xampp\\htdocs\\EnterpriseAutomation\\public\\index.php')
CRITICAL - 2024-03-04 20:51:34 --> Error: Call to undefined method CodeIgniter\View\View::session()
in APPPATH\Views\pages\spk.php on line 9.
 1 SYSTEMPATH\View\View.php(228): include()
 2 SYSTEMPATH\View\View.php(231): CodeIgniter\View\View->CodeIgniter\View\{closure}()
 3 SYSTEMPATH\Common.php(1178): CodeIgniter\View\View->render('/pages/spk', [], true)
 4 APPPATH\Controllers\Spk.php(24): view('/pages/spk', [...])
 5 SYSTEMPATH\CodeIgniter.php(941): App\Controllers\Spk->index()
 6 SYSTEMPATH\CodeIgniter.php(502): CodeIgniter\CodeIgniter->runController(Object(App\Controllers\Spk))
 7 SYSTEMPATH\CodeIgniter.php(361): CodeIgniter\CodeIgniter->handleRequest(null, Object(Config\Cache), false)
 8 FCPATH\index.php(79): CodeIgniter\CodeIgniter->run()
 9 SYSTEMPATH\Commands\Server\rewrite.php(47): require_once('D:\\Data Aplikasi\\Xampp\\htdocs\\EnterpriseAutomation\\public\\index.php')
CRITICAL - 2024-03-04 20:51:47 --> ErrorException: Undefined property: CodeIgniter\View\View::$session
in APPPATH\Views\pages\spk.php on line 9.
 1 APPPATH\Views\pages\spk.php(9): CodeIgniter\Debug\Exceptions->errorHandler(2, 'Undefined property: CodeIgniter\\View\\View::$session', 'D:\\Data Aplikasi\\Xampp\\htdocs\\EnterpriseAutomation\\app\\Views\\pages\\spk.php', 9)
 2 SYSTEMPATH\View\View.php(228): include('D:\\Data Aplikasi\\Xampp\\htdocs\\EnterpriseAutomation\\app\\Views\\pages\\spk.php')
 3 SYSTEMPATH\View\View.php(231): CodeIgniter\View\View->CodeIgniter\View\{closure}()
 4 SYSTEMPATH\Common.php(1178): CodeIgniter\View\View->render('/pages/spk', [], true)
 5 APPPATH\Controllers\Spk.php(24): view('/pages/spk', [...])
 6 SYSTEMPATH\CodeIgniter.php(941): App\Controllers\Spk->index()
 7 SYSTEMPATH\CodeIgniter.php(502): CodeIgniter\CodeIgniter->runController(Object(App\Controllers\Spk))
 8 SYSTEMPATH\CodeIgniter.php(361): CodeIgniter\CodeIgniter->handleRequest(null, Object(Config\Cache), false)
 9 FCPATH\index.php(79): CodeIgniter\CodeIgniter->run()
10 SYSTEMPATH\Commands\Server\rewrite.php(47): require_once('D:\\Data Aplikasi\\Xampp\\htdocs\\EnterpriseAutomation\\public\\index.php')
INFO - 2024-03-04 20:53:26 --> Session: Class initialized using 'CodeIgniter\Session\Handlers\FileHandler' driver.
INFO - 2024-03-04 20:56:35 --> Session: Class initialized using 'CodeIgniter\Session\Handlers\FileHandler' driver.
INFO - 2024-03-04 20:56:47 --> Session: Class initialized using 'CodeIgniter\Session\Handlers\FileHandler' driver.
INFO - 2024-03-04 20:57:00 --> Session: Class initialized using 'CodeIgniter\Session\Handlers\FileHandler' driver.
INFO - 2024-03-04 20:57:02 --> Session: Class initialized using 'CodeIgniter\Session\Handlers\FileHandler' driver.
INFO - 2024-03-04 20:57:15 --> Session: Class initialized using 'CodeIgniter\Session\Handlers\FileHandler' driver.
INFO - 2024-03-04 20:57:36 --> Session: Class initialized using 'CodeIgniter\Session\Handlers\FileHandler' driver.
INFO - 2024-03-04 21:03:32 --> Session: Class initialized using 'CodeIgniter\Session\Handlers\FileHandler' driver.
INFO - 2024-03-04 21:03:43 --> Session: Class initialized using 'CodeIgniter\Session\Handlers\FileHandler' driver.
INFO - 2024-03-04 21:03:55 --> Session: Class initialized using 'CodeIgniter\Session\Handlers\FileHandler' driver.
INFO - 2024-03-04 21:04:56 --> Session: Class initialized using 'CodeIgniter\Session\Handlers\FileHandler' driver.
INFO - 2024-03-04 21:05:50 --> Session: Class initialized using 'CodeIgniter\Session\Handlers\FileHandler' driver.
INFO - 2024-03-04 21:06:05 --> Session: Class initialized using 'CodeIgniter\Session\Handlers\FileHandler' driver.
INFO - 2024-03-04 21:06:06 --> Session: Class initialized using 'CodeIgniter\Session\Handlers\FileHandler' driver.
INFO - 2024-03-04 21:06:32 --> Session: Class initialized using 'CodeIgniter\Session\Handlers\FileHandler' driver.
INFO - 2024-03-04 21:06:41 --> Session: Class initialized using 'CodeIgniter\Session\Handlers\FileHandler' driver.
INFO - 2024-03-04 21:06:42 --> Session: Class initialized using 'CodeIgniter\Session\Handlers\FileHandler' driver.
INFO - 2024-03-04 21:06:58 --> Session: Class initialized using 'CodeIgniter\Session\Handlers\FileHandler' driver.
INFO - 2024-03-04 21:07:18 --> Session: Class initialized using 'CodeIgniter\Session\Handlers\FileHandler' driver.
INFO - 2024-03-04 21:07:38 --> Session: Class initialized using 'CodeIgniter\Session\Handlers\FileHandler' driver.
INFO - 2024-03-04 21:07:47 --> Session: Class initialized using 'CodeIgniter\Session\Handlers\FileHandler' driver.
INFO - 2024-03-04 21:08:27 --> Session: Class initialized using 'CodeIgniter\Session\Handlers\FileHandler' driver.
INFO - 2024-03-04 21:09:32 --> Session: Class initialized using 'CodeIgniter\Session\Handlers\FileHandler' driver.
INFO - 2024-03-04 21:09:32 --> Session: Class initialized using 'CodeIgniter\Session\Handlers\FileHandler' driver.
INFO - 2024-03-04 21:09:46 --> Session: Class initialized using 'CodeIgniter\Session\Handlers\FileHandler' driver.
INFO - 2024-03-04 21:10:34 --> Session: Class initialized using 'CodeIgniter\Session\Handlers\FileHandler' driver.
INFO - 2024-03-04 21:11:16 --> Session: Class initialized using 'CodeIgniter\Session\Handlers\FileHandler' driver.
INFO - 2024-03-04 21:11:38 --> Session: Class initialized using 'CodeIgniter\Session\Handlers\FileHandler' driver.
INFO - 2024-03-04 21:11:38 --> Session: Class initialized using 'CodeIgniter\Session\Handlers\FileHandler' driver.
INFO - 2024-03-04 21:13:05 --> Session: Class initialized using 'CodeIgniter\Session\Handlers\FileHandler' driver.
INFO - 2024-03-04 21:14:38 --> Session: Class initialized using 'CodeIgniter\Session\Handlers\FileHandler' driver.
INFO - 2024-03-04 21:16:51 --> Session: Class initialized using 'CodeIgniter\Session\Handlers\FileHandler' driver.
INFO - 2024-03-04 21:17:30 --> Session: Class initialized using 'CodeIgniter\Session\Handlers\FileHandler' driver.
INFO - 2024-03-04 21:18:59 --> Session: Class initialized using 'CodeIgniter\Session\Handlers\FileHandler' driver.
INFO - 2024-03-04 21:19:33 --> Session: Class initialized using 'CodeIgniter\Session\Handlers\FileHandler' driver.
INFO - 2024-03-04 21:19:34 --> Session: Class initialized using 'CodeIgniter\Session\Handlers\FileHandler' driver.
INFO - 2024-03-04 21:20:20 --> Session: Class initialized using 'CodeIgniter\Session\Handlers\FileHandler' driver.
INFO - 2024-03-04 21:20:57 --> Session: Class initialized using 'CodeIgniter\Session\Handlers\FileHandler' driver.
INFO - 2024-03-04 21:22:13 --> Session: Class initialized using 'CodeIgniter\Session\Handlers\FileHandler' driver.
INFO - 2024-03-04 21:25:37 --> Session: Class initialized using 'CodeIgniter\Session\Handlers\FileHandler' driver.
INFO - 2024-03-04 21:25:56 --> Session: Class initialized using 'CodeIgniter\Session\Handlers\FileHandler' driver.
INFO - 2024-03-04 21:25:57 --> Session: Class initialized using 'CodeIgniter\Session\Handlers\FileHandler' driver.
INFO - 2024-03-04 21:31:40 --> Session: Class initialized using 'CodeIgniter\Session\Handlers\FileHandler' driver.
INFO - 2024-03-04 21:32:08 --> Session: Class initialized using 'CodeIgniter\Session\Handlers\FileHandler' driver.
INFO - 2024-03-04 21:32:38 --> Session: Class initialized using 'CodeIgniter\Session\Handlers\FileHandler' driver.
INFO - 2024-03-04 21:32:38 --> Session: Class initialized using 'CodeIgniter\Session\Handlers\FileHandler' driver.
INFO - 2024-03-04 21:33:32 --> Session: Class initialized using 'CodeIgniter\Session\Handlers\FileHandler' driver.
INFO - 2024-03-04 21:34:20 --> Session: Class initialized using 'CodeIgniter\Session\Handlers\FileHandler' driver.
INFO - 2024-03-04 21:36:36 --> Session: Class initialized using 'CodeIgniter\Session\Handlers\FileHandler' driver.
INFO - 2024-03-04 21:37:25 --> Session: Class initialized using 'CodeIgniter\Session\Handlers\FileHandler' driver.
INFO - 2024-03-04 21:38:43 --> Session: Class initialized using 'CodeIgniter\Session\Handlers\FileHandler' driver.
INFO - 2024-03-04 21:39:04 --> Session: Class initialized using 'CodeIgniter\Session\Handlers\FileHandler' driver.
INFO - 2024-03-04 21:39:26 --> Session: Class initialized using 'CodeIgniter\Session\Handlers\FileHandler' driver.
INFO - 2024-03-04 21:42:17 --> Session: Class initialized using 'CodeIgniter\Session\Handlers\FileHandler' driver.
INFO - 2024-03-04 21:42:42 --> Session: Class initialized using 'CodeIgniter\Session\Handlers\FileHandler' driver.
INFO - 2024-03-04 21:42:56 --> Session: Class initialized using 'CodeIgniter\Session\Handlers\FileHandler' driver.
INFO - 2024-03-04 21:42:56 --> Session: Class initialized using 'CodeIgniter\Session\Handlers\FileHandler' driver.
INFO - 2024-03-04 21:43:19 --> Session: Class initialized using 'CodeIgniter\Session\Handlers\FileHandler' driver.
INFO - 2024-03-04 21:45:16 --> Session: Class initialized using 'CodeIgniter\Session\Handlers\FileHandler' driver.
INFO - 2024-03-04 21:45:53 --> Session: Class initialized using 'CodeIgniter\Session\Handlers\FileHandler' driver.
INFO - 2024-03-04 21:46:24 --> Session: Class initialized using 'CodeIgniter\Session\Handlers\FileHandler' driver.
INFO - 2024-03-04 21:47:31 --> Session: Class initialized using 'CodeIgniter\Session\Handlers\FileHandler' driver.
INFO - 2024-03-04 21:47:43 --> Session: Class initialized using 'CodeIgniter\Session\Handlers\FileHandler' driver.
INFO - 2024-03-04 21:49:44 --> Session: Class initialized using 'CodeIgniter\Session\Handlers\FileHandler' driver.
INFO - 2024-03-04 21:50:06 --> Session: Class initialized using 'CodeIgniter\Session\Handlers\FileHandler' driver.
INFO - 2024-03-04 21:50:25 --> Session: Class initialized using 'CodeIgniter\Session\Handlers\FileHandler' driver.
INFO - 2024-03-04 21:50:25 --> Session: Class initialized using 'CodeIgniter\Session\Handlers\FileHandler' driver.
INFO - 2024-03-04 21:51:13 --> Session: Class initialized using 'CodeIgniter\Session\Handlers\FileHandler' driver.
INFO - 2024-03-04 21:51:38 --> Session: Class initialized using 'CodeIgniter\Session\Handlers\FileHandler' driver.
INFO - 2024-03-04 21:57:34 --> Session: Class initialized using 'CodeIgniter\Session\Handlers\FileHandler' driver.
INFO - 2024-03-04 21:57:47 --> Session: Class initialized using 'CodeIgniter\Session\Handlers\FileHandler' driver.
INFO - 2024-03-04 22:01:14 --> Session: Class initialized using 'CodeIgniter\Session\Handlers\FileHandler' driver.
INFO - 2024-03-04 22:14:45 --> Session: Class initialized using 'CodeIgniter\Session\Handlers\FileHandler' driver.
INFO - 2024-03-04 22:22:38 --> Session: Class initialized using 'CodeIgniter\Session\Handlers\FileHandler' driver.
INFO - 2024-03-04 22:23:47 --> Session: Class initialized using 'CodeIgniter\Session\Handlers\FileHandler' driver.
INFO - 2024-03-04 22:25:42 --> Session: Class initialized using 'CodeIgniter\Session\Handlers\FileHandler' driver.
INFO - 2024-03-04 22:26:30 --> Session: Class initialized using 'CodeIgniter\Session\Handlers\FileHandler' driver.
INFO - 2024-03-04 22:27:16 --> Session: Class initialized using 'CodeIgniter\Session\Handlers\FileHandler' driver.
INFO - 2024-03-04 22:27:41 --> Session: Class initialized using 'CodeIgniter\Session\Handlers\FileHandler' driver.
INFO - 2024-03-04 22:28:11 --> Session: Class initialized using 'CodeIgniter\Session\Handlers\FileHandler' driver.
INFO - 2024-03-04 22:28:51 --> Session: Class initialized using 'CodeIgniter\Session\Handlers\FileHandler' driver.
INFO - 2024-03-04 22:31:08 --> Session: Class initialized using 'CodeIgniter\Session\Handlers\FileHandler' driver.
INFO - 2024-03-04 22:33:26 --> Session: Class initialized using 'CodeIgniter\Session\Handlers\FileHandler' driver.
INFO - 2024-03-04 22:35:03 --> Session: Class initialized using 'CodeIgniter\Session\Handlers\FileHandler' driver.
